#
#model:
#
#<?xml version="1.0" encoding="UTF-8" standalone="no"?><input id="posterior" spec="beast.core.util.CompoundDistribution">
#    <distribution id="prior" spec="beast.core.util.CompoundDistribution">
#        <distribution conditionOnRhoSampling="true" conditionOnRoot="true" id="FBD.t:concat" spec="beast.evolution.speciation.SABirthDeathModel">
#            <parameter id="diversificationRateFBD.t:concat" lower="0.0" name="diversificationRate" spec="beast.core.parameter.RealParameter">0.01</parameter>
#            <parameter id="turnoverFBD.t:concat" lower="0.0" name="turnover" spec="beast.core.parameter.RealParameter" upper="1.0">0.5</parameter>
#            <parameter id="samplingProportionFBD.t:concat" lower="0.0" name="samplingProportion" spec="beast.core.parameter.RealParameter" upper="1.0">0.5</parameter>
#            <parameter id="rFBD.t:concat" lower="0.0" name="removalProbability" spec="beast.core.parameter.RealParameter" upper="1.0">0.0</parameter>
#            <parameter estimate="false" id="rhoFBD.t:concat" lower="0.0" name="rho" spec="beast.core.parameter.RealParameter" upper="1.0">0.04</parameter>
#            <tree id="Tree.t:concat" spec="beast.evolution.tree.Tree">
#                <taxonset id="TaxonSet.12S" spec="beast.evolution.alignment.TaxonSet">
#                </taxonset>
#            </tree>
#        </distribution>
#        <prior id="diversificationRatePriorFBD.t:concat" name="distribution" x="@diversificationRateFBD.t:concat">
#            <Uniform id="Uniform.22" name="distr" upper="Infinity"/>
#        </prior>
#        <prior id="samplingProportionPriorFBD.t:concat" name="distribution" x="@samplingProportionFBD.t:concat">
#            <Uniform id="Uniform.24" name="distr"/>
#        </prior>
#        <prior id="turnoverPriorFBD.t:concat" name="distribution" x="@turnoverFBD.t:concat">
#            <Uniform id="Uniform.23" name="distr"/>
#        </prior>
#        <prior id="MeanRatePrior.c:12S" name="distribution">
#            <parameter id="ucldMean.c:12S" name="x" spec="beast.core.parameter.RealParameter">1.0</parameter>
#            <Uniform id="Uniform.8" name="distr" upper="Infinity"/>
#        </prior>
#        <prior id="ucldStdevPrior.c:12S" name="distribution">
#            <parameter id="ucldStdev.c:12S" lower="0.0" name="x" spec="beast.core.parameter.RealParameter">0.1</parameter>
#            <Gamma id="Gamma.6" name="distr">
#                <parameter estimate="false" id="RealParameter.25" name="alpha" spec="beast.core.parameter.RealParameter">0.5396</parameter>
#                <parameter estimate="false" id="RealParameter.26" name="beta" spec="beast.core.parameter.RealParameter">0.3819</parameter>
#            </Gamma>
#        </prior>
#    </distribution>
#    <distribution id="Root.prior" spec="beast.math.distributions.MRCAPrior" tree="@Tree.t:concat">
#        <taxonset id="Root" spec="beast.evolution.alignment.TaxonSet">
#            <taxon id="Acidopsidae_Acidops_fimbriatus" spec="beast.evolution.alignment.Taxon"/>
#            <taxon id="Acidopsidae_Acidops_sp" spec="beast.evolution.alignment.Taxon"/>
#            <taxon id="Aethridae_Hepatus_epheliticus1and2" spec="beast.evolution.alignment.Taxon"/>
#            <taxon id="Belliidae_Acanthocyclus_albatrossis" spec="beast.evolution.alignment.Taxon"/>
#            <taxon id="Belliidae_Acanthocyclus_hassleri" spec="beast.evolution.alignment.Taxon"/>
#            <taxon id="Bythograeidae_Austinograea_hourdezi" spec="beast.evolution.alignment.Taxon"/>
#            <taxon id="Bythograeidae_Austinograea_sp1and2" spec="beast.evolution.alignment.Taxon"/>
#            <taxon id="Bythograeidae_Bythograea_laubieri" spec="beast.evolution.alignment.Taxon"/>
#            <taxon id="Bythograeidae_Bythograea_microps" spec="beast.evolution.alignment.Taxon"/>
#            <taxon id="Bythograeidae_Gandalfus_puia" spec="beast.evolution.alignment.Taxon"/>
#            <taxon id="Calappidae_Acanthocarpus_alexandri" spec="beast.evolution.alignment.Taxon"/>
#            <taxon id="Calappidae_Calappa_calappa" spec="beast.evolution.alignment.Taxon"/>
#            <taxon id="Calappidae_Calappa_philargius" spec="beast.evolution.alignment.Taxon"/>
#            <taxon id="Calappidae_Cycloes_granulata" spec="beast.evolution.alignment.Taxon"/>
#            <taxon id="Calappidae_Mursia_sp1" spec="beast.evolution.alignment.Taxon"/>
#            <taxon id="Calappidae_Mursia_sp2" spec="beast.evolution.alignment.Taxon"/>
#            <taxon id="Cancridae_Anatolikos_japonicus" spec="beast.evolution.alignment.Taxon"/>
#            <taxon id="Cancridae_Cancer_borealis" spec="beast.evolution.alignment.Taxon"/>
#            <taxon id="Cancridae_Cancer_pagurus" spec="beast.evolution.alignment.Taxon"/>
#            <taxon id="Cancridae_Metacarcinus_magister" spec="beast.evolution.alignment.Taxon"/>
#            <taxon id="Carcinidae_Carcinus_maenas" spec="beast.evolution.alignment.Taxon"/>
#            <taxon id="Carcinidae_Portumnus_latipes" spec="beast.evolution.alignment.Taxon"/>
#            <taxon id="Carpiliidae_Carpilius_convexus" spec="beast.evolution.alignment.Taxon"/>
#            <taxon id="Carpiliidae_Carpilius_corallinus" spec="beast.evolution.alignment.Taxon"/>
#            <taxon id="Carpiliidae_Carpilius_maculatus" spec="beast.evolution.alignment.Taxon"/>
#            <taxon id="Chasmocarcinidae_Chasmocarcinus_chacei" spec="beast.evolution.alignment.Taxon"/>
#            <taxon id="Chasmocarcinidae_Chasmocarcinus_mississippiensis" spec="beast.evolution.alignment.Taxon"/>
#            <taxon id="Chasmocarcinidae_Megaesthesius_yokoyai" spec="beast.evolution.alignment.Taxon"/>
#            <taxon id="Cheiragonidae_Telmessus_cheiragonus1and2" spec="beast.evolution.alignment.Taxon"/>
#            <taxon id="Conleyidae_Conleyus_sp" spec="beast.evolution.alignment.Taxon"/>
#            <taxon id="Corystidae_Corystes_cassivelaunus" spec="beast.evolution.alignment.Taxon"/>
#            <taxon id="Corystidae_Gomeza_bicornis" spec="beast.evolution.alignment.Taxon"/>
#            <taxon id="Corystidae_Jonas_distinctus" spec="beast.evolution.alignment.Taxon"/>
#            <taxon id="Cryptochiridae_Dacryomaia_sp" spec="beast.evolution.alignment.Taxon"/>
#            <taxon id="Cryptochiridae_Fungicola_fagei" spec="beast.evolution.alignment.Taxon"/>
#            <taxon id="Cryptochiridae_Hapalocarcinus_marsupialis" spec="beast.evolution.alignment.Taxon"/>
#            <taxon id="Cyclodorippidae_Corycodus_disjunctipes" spec="beast.evolution.alignment.Taxon"/>
#            <taxon id="Cyclodorippidae_Corycodus_sp" spec="beast.evolution.alignment.Taxon"/>
#            <taxon id="Cyclodorippidae_Tymolus_brucei" spec="beast.evolution.alignment.Taxon"/>
#            <taxon id="Cyclodorippidae_Tymolus_japonicus" spec="beast.evolution.alignment.Taxon"/>
#            <taxon id="Cymonomidae_Cymonomus_diogenes" spec="beast.evolution.alignment.Taxon"/>
#            <taxon id="Cymonomidae_Cymonomus_quadratus" spec="beast.evolution.alignment.Taxon"/>
#            <taxon id="Cymonomidae_Cymonomus_sp" spec="beast.evolution.alignment.Taxon"/>
#            <taxon id="Dacryopilumnidae_Dacryopilumnus_rathbunae" spec="beast.evolution.alignment.Taxon"/>
#            <taxon id="Dairidae_Daira_americana" spec="beast.evolution.alignment.Taxon"/>
#            <taxon id="Dairidae_Daira_perlata" spec="beast.evolution.alignment.Taxon"/>
#            <taxon id="Dairoididae_Dairoides_kusei" spec="beast.evolution.alignment.Taxon"/>
#            <taxon id="Dorippidae_Dorippe_quadridens" spec="beast.evolution.alignment.Taxon"/>
#            <taxon id="Dorippidae_Heikeopsis_japonica" spec="beast.evolution.alignment.Taxon"/>
#            <taxon id="Dorippidae_Paradorippe_australiensis" spec="beast.evolution.alignment.Taxon"/>
#            <taxon id="Dorippidae_Paradorippe_granulata" spec="beast.evolution.alignment.Taxon"/>
#            <taxon id="Dotillidae_Dotilla_myctiroides" spec="beast.evolution.alignment.Taxon"/>
#            <taxon id="Dotillidae_Dotilla_wichmanni" spec="beast.evolution.alignment.Taxon"/>
#            <taxon id="Dotillidae_Scopimera_bitympana" spec="beast.evolution.alignment.Taxon"/>
#            <taxon id="Dotillidae_Scopimera_intermedia" spec="beast.evolution.alignment.Taxon"/>
#            <taxon id="Dotillidae_Scopimera_proxima" spec="beast.evolution.alignment.Taxon"/>
#            <taxon id="Dotillidae_Tmethypocoelis_ceratophora" spec="beast.evolution.alignment.Taxon"/>
#            <taxon id="Dromiidae_Conchoecetes_artificiosus" spec="beast.evolution.alignment.Taxon"/>
#            <taxon id="Dromiidae_Lauridromia_dehaani" spec="beast.evolution.alignment.Taxon"/>
#            <taxon id="Dromiidae_Lewindromia_unidentata" spec="beast.evolution.alignment.Taxon"/>
#            <taxon id="Dromiidae_Moreiradromia_antillensis" spec="beast.evolution.alignment.Taxon"/>
#            <taxon id="Dromiidae_Sphaerodromia_sp" spec="beast.evolution.alignment.Taxon"/>
#            <taxon id="Dynomenidae_Dynomene_hispida" spec="beast.evolution.alignment.Taxon"/>
#            <taxon id="Dynomenidae_Dynomene_praedator" spec="beast.evolution.alignment.Taxon"/>
#            <taxon id="Dynomenidae_Hirsutodynomene_ursula" spec="beast.evolution.alignment.Taxon"/>
#            <taxon id="Dynomenidae_Metadynomene_tanensis" spec="beast.evolution.alignment.Taxon"/>
#            <taxon id="Epialtidae_Chorinus_heros" spec="beast.evolution.alignment.Taxon"/>
#            <taxon id="Epialtidae_Doclea_canalifera" spec="beast.evolution.alignment.Taxon"/>
#            <taxon id="Epialtidae_Doclea_japonica" spec="beast.evolution.alignment.Taxon"/>
#            <taxon id="Epialtidae_Hyastenus_sp" spec="beast.evolution.alignment.Taxon"/>
#            <taxon id="Epialtidae_Leptopisa_setirostris" spec="beast.evolution.alignment.Taxon"/>
#            <taxon id="Epialtidae_Lubinia_dubia" spec="beast.evolution.alignment.Taxon"/>
#            <taxon id="Epialtidae_Macrocoeloma_camptocerum" spec="beast.evolution.alignment.Taxon"/>
#            <taxon id="Epialtidae_Notolopas_mexicanus" spec="beast.evolution.alignment.Taxon"/>
#            <taxon id="Epialtidae_Pisoides_edwardsii" spec="beast.evolution.alignment.Taxon"/>
#            <taxon id="Epialtidae_Pugettia_nipponensis" spec="beast.evolution.alignment.Taxon"/>
#            <taxon id="Epialtidae_Pugettia_sp" spec="beast.evolution.alignment.Taxon"/>
#            <taxon id="Epialtidae_Rochinia_hystrix" spec="beast.evolution.alignment.Taxon"/>
#            <taxon id="Epialtidae_Stenocionops_ovatus" spec="beast.evolution.alignment.Taxon"/>
#            <taxon id="Epialtidae_Taliepus_dentatus" spec="beast.evolution.alignment.Taxon"/>
#            <taxon id="Epialtidae_Tiarinia_sp" spec="beast.evolution.alignment.Taxon"/>
#            <taxon id="Eriphiidae_Eriphia_scabricula" spec="beast.evolution.alignment.Taxon"/>
#            <taxon id="Eriphiidae_Eriphia_smithii" spec="beast.evolution.alignment.Taxon"/>
#            <taxon id="Eriphiidae_Eriphia_verrucosa" spec="beast.evolution.alignment.Taxon"/>
#            <taxon id="Ethusidae_Ethusa_sexdentata" spec="beast.evolution.alignment.Taxon"/>
#            <taxon id="Ethusidae_Ethusina_abyssicola" spec="beast.evolution.alignment.Taxon"/>
#            <taxon id="Ethusidae_Parethusa_sp" spec="beast.evolution.alignment.Taxon"/>
#            <taxon id="Euryplacidae_Eucrate_alcocki" spec="beast.evolution.alignment.Taxon"/>
#            <taxon id="Euryplacidae_Eucrate_crenata" spec="beast.evolution.alignment.Taxon"/>
#            <taxon id="Euryplacidae_Eucrate_sp" spec="beast.evolution.alignment.Taxon"/>
#            <taxon id="Euryplacidae_Frevillea_barbata" spec="beast.evolution.alignment.Taxon"/>
#            <taxon id="Galenidae_Galene_bispinosa" spec="beast.evolution.alignment.Taxon"/>
#            <taxon id="Gecarcinidae_Cardisoma_crassum" spec="beast.evolution.alignment.Taxon"/>
#            <taxon id="Gecarcinidae_Cardisoma_guanhumi" spec="beast.evolution.alignment.Taxon"/>
#            <taxon id="Gecarcinidae_Gecarcinus_lateralis" spec="beast.evolution.alignment.Taxon"/>
#            <taxon id="Gecarcinidae_Gecarcoidea_lalandii" spec="beast.evolution.alignment.Taxon"/>
#            <taxon id="Gecarcinidae_Gecarcoidea_natalis" spec="beast.evolution.alignment.Taxon"/>
#            <taxon id="Gecarcinidae_Tuerkayana_hirtipes" spec="beast.evolution.alignment.Taxon"/>
#            <taxon id="Gecarcinucidae_Barytelphusa_cunicularis" spec="beast.evolution.alignment.Taxon"/>
#            <taxon id="Gecarcinucidae_Barytelphusa_sp" spec="beast.evolution.alignment.Taxon"/>
#            <taxon id="Gecarcinucidae_Ceylonthelphusa_sp" spec="beast.evolution.alignment.Taxon"/>
#            <taxon id="Gecarcinucidae_Gubernatoriana_gubernatoris" spec="beast.evolution.alignment.Taxon"/>
#            <taxon id="Gecarcinucidae_Parathelphusa_pantherina" spec="beast.evolution.alignment.Taxon"/>
#            <taxon id="Gecarcinucidae_Parathelphusa_sp" spec="beast.evolution.alignment.Taxon"/>
#            <taxon id="Gecarcinucidae_Somanniathelphusa_cf_zanklon" spec="beast.evolution.alignment.Taxon"/>
#            <taxon id="Gecarcinucidae_Somanniathelphusa_sp" spec="beast.evolution.alignment.Taxon"/>
#            <taxon id="Gecarcinucidae_Spiralothelphusa_senex" spec="beast.evolution.alignment.Taxon"/>
#            <taxon id="Gecarcinucidae_Syntripsa_flavichela" spec="beast.evolution.alignment.Taxon"/>
#            <taxon id="Geryonidae_Chaceon_mediterraneus" spec="beast.evolution.alignment.Taxon"/>
#            <taxon id="Geryonidae_Chaceon_sp" spec="beast.evolution.alignment.Taxon"/>
#            <taxon id="Geryonidae_Raymanninus_schmitti" spec="beast.evolution.alignment.Taxon"/>
#            <taxon id="Glyptograpsidae_Glyptograpsus_jamaicensis" spec="beast.evolution.alignment.Taxon"/>
#            <taxon id="Glyptograpsidae_Platychirograpsus_spectabilis" spec="beast.evolution.alignment.Taxon"/>
#            <taxon id="Goneplacidae_Carcinoplax_longimana" spec="beast.evolution.alignment.Taxon"/>
#            <taxon id="Goneplacidae_Carcinoplax_purpurea" spec="beast.evolution.alignment.Taxon"/>
#            <taxon id="Goneplacidae_Goneplax_sp" spec="beast.evolution.alignment.Taxon"/>
#            <taxon id="Goneplacidae_Pycnoplax_suruguensis" spec="beast.evolution.alignment.Taxon"/>
#            <taxon id="Grapsidae_Grapsus_albolineatus" spec="beast.evolution.alignment.Taxon"/>
#            <taxon id="Grapsidae_Metopograpsus_frontalis" spec="beast.evolution.alignment.Taxon"/>
#            <taxon id="Grapsidae_Metopograpsus_messor" spec="beast.evolution.alignment.Taxon"/>
#            <taxon id="Grapsidae_Metopograpsus_quadridentatus" spec="beast.evolution.alignment.Taxon"/>
#            <taxon id="Grapsidae_Pachygrapsus_marmoratus" spec="beast.evolution.alignment.Taxon"/>
#            <taxon id="Grapsidae_Pachygrapsus_plicatus" spec="beast.evolution.alignment.Taxon"/>
#            <taxon id="Heloeciidae_Heloecius_cordiformis" spec="beast.evolution.alignment.Taxon"/>
#            <taxon id="Homolidae_Homola_orientalis" spec="beast.evolution.alignment.Taxon"/>
#            <taxon id="Homolidae_Homologenus_malayensis" spec="beast.evolution.alignment.Taxon"/>
#            <taxon id="Homolidae_Homologenus_rostratus" spec="beast.evolution.alignment.Taxon"/>
#            <taxon id="Homolidae_Lamoha_longirostris" spec="beast.evolution.alignment.Taxon"/>
#            <taxon id="Homolidae_Lamoha_murotoensis" spec="beast.evolution.alignment.Taxon"/>
#            <taxon id="Homolidae_Paromola_japonica" spec="beast.evolution.alignment.Taxon"/>
#            <taxon id="Homolidae_Paromolopsis_boasi" spec="beast.evolution.alignment.Taxon"/>
#            <taxon id="Hymenosomatidae_Amarinus_paralacustris" spec="beast.evolution.alignment.Taxon"/>
#            <taxon id="Hymenosomatidae_Elamena_producta" spec="beast.evolution.alignment.Taxon"/>
#            <taxon id="Hymenosomatidae_Halicarcinus_cookii" spec="beast.evolution.alignment.Taxon"/>
#            <taxon id="Hymenosomatidae_Halicarcinus_innominatus" spec="beast.evolution.alignment.Taxon"/>
#            <taxon id="Hymenosomatidae_Hymenosoma_orbiculare" spec="beast.evolution.alignment.Taxon"/>
#            <taxon id="Hymenosomatidae_Neorhynchoplax_bovis" spec="beast.evolution.alignment.Taxon"/>
#            <taxon id="Hypothalassiidae_Hypothalassia_armata" spec="beast.evolution.alignment.Taxon"/>
#            <taxon id="Inachidae_Coryrhynchus_riisei" spec="beast.evolution.alignment.Taxon"/>
#            <taxon id="Inachidae_Ericerodes_veleronis" spec="beast.evolution.alignment.Taxon"/>
#            <taxon id="Inachoididae_Aepinus_septemspinosus" spec="beast.evolution.alignment.Taxon"/>
#            <taxon id="Inachoididae_Anasimus_latus" spec="beast.evolution.alignment.Taxon"/>
#            <taxon id="Inachoididae_Arachnopsis_filipes" spec="beast.evolution.alignment.Taxon"/>
#            <taxon id="Inachoididae_Collodes_granosus" spec="beast.evolution.alignment.Taxon"/>
#            <taxon id="Inachoididae_Inachoides_laevis" spec="beast.evolution.alignment.Taxon"/>
#            <taxon id="Iphiculidae_Iphiculus_convexus" spec="beast.evolution.alignment.Taxon"/>
#            <taxon id="Latreillidae_Latreillia_valida" spec="beast.evolution.alignment.Taxon"/>
#            <taxon id="Latreilliidae_Eplumula_phalangium" spec="beast.evolution.alignment.Taxon"/>
#            <taxon id="Latreilliidae_Latreillia_elegans" spec="beast.evolution.alignment.Taxon"/>
#            <taxon id="Leucosiidae_Arcania_cornuta" spec="beast.evolution.alignment.Taxon"/>
#            <taxon id="Leucosiidae_Ebalia_tuberculosa" spec="beast.evolution.alignment.Taxon"/>
#            <taxon id="Leucosiidae_Praebebalia_longidactyla" spec="beast.evolution.alignment.Taxon"/>
#            <taxon id="Leucosiidae_Pyrhila_carinata" spec="beast.evolution.alignment.Taxon"/>
#            <taxon id="Leucosiidae_Pyrhila_syndactyla" spec="beast.evolution.alignment.Taxon"/>
#            <taxon id="Leucosiidae_Randallia_bulligera" spec="beast.evolution.alignment.Taxon"/>
#            <taxon id="Leucosiidae_Tokoyo_eburnea" spec="beast.evolution.alignment.Taxon"/>
#            <taxon id="Leucosiidae_Urashima_pustuloides" spec="beast.evolution.alignment.Taxon"/>
#            <taxon id="Lyreididae_Lyreidus_tridentatus" spec="beast.evolution.alignment.Taxon"/>
#            <taxon id="Lyreididae_Lysirude_griffini" spec="beast.evolution.alignment.Taxon"/>
#            <taxon id="Macrophthalmidae_Chaenostoma_boscii" spec="beast.evolution.alignment.Taxon"/>
#            <taxon id="Macrophthalmidae_Macrophthalmus_definitus" spec="beast.evolution.alignment.Taxon"/>
#            <taxon id="Macrophthalmidae_Macrophthalmus_erato" spec="beast.evolution.alignment.Taxon"/>
#            <taxon id="Macrophthalmidae_Macrophthalmus_setosus" spec="beast.evolution.alignment.Taxon"/>
#            <taxon id="Macrophthalmidae_Macrophthalmus_telescopicus" spec="beast.evolution.alignment.Taxon"/>
#            <taxon id="Majidae_Maiopsis_panamensis" spec="beast.evolution.alignment.Taxon"/>
#            <taxon id="Majidae_Maja_brachydactyla" spec="beast.evolution.alignment.Taxon"/>
#            <taxon id="Majidae_Maja_brachydactyla_ourdata" spec="beast.evolution.alignment.Taxon"/>
#            <taxon id="Majidae_Schizophrys_aspera" spec="beast.evolution.alignment.Taxon"/>
#            <taxon id="Mathildellidae_Mathildella_rubra" spec="beast.evolution.alignment.Taxon"/>
#            <taxon id="Matutidae_Ashtoret_lunaris" spec="beast.evolution.alignment.Taxon"/>
#            <taxon id="Matutidae_Matuta_planipes" spec="beast.evolution.alignment.Taxon"/>
#            <taxon id="Matutidae_Matuta_sp" spec="beast.evolution.alignment.Taxon"/>
#            <taxon id="Menippidae_Menippe_rumphii" spec="beast.evolution.alignment.Taxon"/>
#            <taxon id="Menippidae_Myomenippe_fornasinii" spec="beast.evolution.alignment.Taxon"/>
#            <taxon id="Menippidae_Myomenippe_hardwickii" spec="beast.evolution.alignment.Taxon"/>
#            <taxon id="Mictyridae_Mictyris_brevidactylus" spec="beast.evolution.alignment.Taxon"/>
#            <taxon id="Mictyridae_Mictyris_longicarpus" spec="beast.evolution.alignment.Taxon"/>
#            <taxon id="Mithracidae_Ala_cornuta" spec="beast.evolution.alignment.Taxon"/>
#            <taxon id="Mithracidae_Microphrys_branchialis" spec="beast.evolution.alignment.Taxon"/>
#            <taxon id="Mithracidae_Mithraculus_coryphe" spec="beast.evolution.alignment.Taxon"/>
#            <taxon id="Mithracidae_Mithraculus_forceps" spec="beast.evolution.alignment.Taxon"/>
#            <taxon id="Mithracidae_Mithrax_hispidus" spec="beast.evolution.alignment.Taxon"/>
#            <taxon id="Mithracidae_Pitho_aculeata" spec="beast.evolution.alignment.Taxon"/>
#            <taxon id="Mithracidae_Teleophrys_ornatus" spec="beast.evolution.alignment.Taxon"/>
#            <taxon id="Mithracidae_Thoe_erosa" spec="beast.evolution.alignment.Taxon"/>
#            <taxon id="OUT_Diogenidae_Clibanarius_virescens" spec="beast.evolution.alignment.Taxon"/>
#            <taxon id="OUT_Hippidae_Hippa_adactyla" spec="beast.evolution.alignment.Taxon"/>
#            <taxon id="OUT_Kiwaidae_Kiwa_hirsuta" spec="beast.evolution.alignment.Taxon"/>
#            <taxon id="OUT_Lithodidae_Neolithodes_nipponensis" spec="beast.evolution.alignment.Taxon"/>
#            <taxon id="OUT_Munididae_Munida_albiapicula" spec="beast.evolution.alignment.Taxon"/>
#            <taxon id="OUT_Porcellanidae_Petrolisthes_japonicus" spec="beast.evolution.alignment.Taxon"/>
#            <taxon id="Ocypodidae_Austruca_lactea" spec="beast.evolution.alignment.Taxon"/>
#            <taxon id="Ocypodidae_Gelasimus_borealis" spec="beast.evolution.alignment.Taxon"/>
#            <taxon id="Ocypodidae_Ocypode_ceratophthalmus" spec="beast.evolution.alignment.Taxon"/>
#            <taxon id="Ocypodidae_Ocypode_sinensis" spec="beast.evolution.alignment.Taxon"/>
#            <taxon id="Ocypodidae_Paraleptuca_crassipes" spec="beast.evolution.alignment.Taxon"/>
#            <taxon id="Oregoniidae_Chionoecetes_tanneri" spec="beast.evolution.alignment.Taxon"/>
#            <taxon id="Oregoniidae_Hyas_araneus" spec="beast.evolution.alignment.Taxon"/>
#            <taxon id="Oregoniidae_Hyas_lyratus" spec="beast.evolution.alignment.Taxon"/>
#            <taxon id="Oregoniidae_Oregonia_gracilis" spec="beast.evolution.alignment.Taxon"/>
#            <taxon id="Orithyiidae_Orithyia_sinica" spec="beast.evolution.alignment.Taxon"/>
#            <taxon id="Ovalipidae_Ovalipes_iridescens" spec="beast.evolution.alignment.Taxon"/>
#            <taxon id="Ovalipidae_Ovalipes_punctatus" spec="beast.evolution.alignment.Taxon"/>
#            <taxon id="Ovalipidae_Ovalipes_stephensoni" spec="beast.evolution.alignment.Taxon"/>
#            <taxon id="Oziidae_Epixanthus_frontalis" spec="beast.evolution.alignment.Taxon"/>
#            <taxon id="Oziidae_Epixanthus_sp" spec="beast.evolution.alignment.Taxon"/>
#            <taxon id="Oziidae_Epixanthus_tenuidactylos" spec="beast.evolution.alignment.Taxon"/>
#            <taxon id="Oziidae_Lydia_annulipes" spec="beast.evolution.alignment.Taxon"/>
#            <taxon id="Oziidae_Ozius_reticulatus" spec="beast.evolution.alignment.Taxon"/>
#            <taxon id="Oziidae_Ozius_rugulosus" spec="beast.evolution.alignment.Taxon"/>
#            <taxon id="Panopeidae_Acantholobulus_bermudensis" spec="beast.evolution.alignment.Taxon"/>
#            <taxon id="Panopeidae_Dyspanopeus_sayi" spec="beast.evolution.alignment.Taxon"/>
#            <taxon id="Panopeidae_Eurytium_limosum" spec="beast.evolution.alignment.Taxon"/>
#            <taxon id="Panopeidae_Glyptoplax_smithii" spec="beast.evolution.alignment.Taxon"/>
#            <taxon id="Panopeidae_Hexapanopeus_angustifrons" spec="beast.evolution.alignment.Taxon"/>
#            <taxon id="Panopeidae_Malacoplax_californiensis" spec="beast.evolution.alignment.Taxon"/>
#            <taxon id="Panopeidae_Neopanope_packardii" spec="beast.evolution.alignment.Taxon"/>
#            <taxon id="Panopeidae_Panopeus_herbstii" spec="beast.evolution.alignment.Taxon"/>
#            <taxon id="Panopeidae_Rhithropanopeus_harrisii" spec="beast.evolution.alignment.Taxon"/>
#            <taxon id="Parthenopidae_Cryptopodia_fornicata" spec="beast.evolution.alignment.Taxon"/>
#            <taxon id="Parthenopidae_Leiolambrus_punctatissimus" spec="beast.evolution.alignment.Taxon"/>
#            <taxon id="Parthenopidae_Ochtholambrus_excavatus" spec="beast.evolution.alignment.Taxon"/>
#            <taxon id="Parthenopidae_Parthenope_longimanus" spec="beast.evolution.alignment.Taxon"/>
#            <taxon id="Parthenopidae_Rhinolambrus_sp" spec="beast.evolution.alignment.Taxon"/>
#            <taxon id="Percnidae_Percnon_affine" spec="beast.evolution.alignment.Taxon"/>
#            <taxon id="Percnidae_Percnon_affine_ourdata" spec="beast.evolution.alignment.Taxon"/>
#            <taxon id="Percnidae_Percnon_planissimum" spec="beast.evolution.alignment.Taxon"/>
#            <taxon id="Pilumnidae_Danielum_ixbauchac" spec="beast.evolution.alignment.Taxon"/>
#            <taxon id="Pilumnidae_Heteropanope_glabra" spec="beast.evolution.alignment.Taxon"/>
#            <taxon id="Pilumnidae_Lobopilumnus_agassizii" spec="beast.evolution.alignment.Taxon"/>
#            <taxon id="Pilumnidae_Pilumnus_dasypodus" spec="beast.evolution.alignment.Taxon"/>
#            <taxon id="Pilumnidae_Pilumnus_longicornis" spec="beast.evolution.alignment.Taxon"/>
#            <taxon id="Pilumnidae_Pilumnus_vespertilio" spec="beast.evolution.alignment.Taxon"/>
#            <taxon id="Pilumnidae_Tiaramedon_spinosum" spec="beast.evolution.alignment.Taxon"/>
#            <taxon id="Pilumnoididae_Pilumnoides_nudifrons" spec="beast.evolution.alignment.Taxon"/>
#            <taxon id="Pinnotheridae_Arcotheres_sp" spec="beast.evolution.alignment.Taxon"/>
#            <taxon id="Pinnotheridae_Holothuriophilus_pacificus" spec="beast.evolution.alignment.Taxon"/>
#            <taxon id="Pinnotheridae_Nepinnotheres_cf_affinis" spec="beast.evolution.alignment.Taxon"/>
#            <taxon id="Pinnotheridae_Pinnaxodes_chilensis" spec="beast.evolution.alignment.Taxon"/>
#            <taxon id="Pinnotheridae_Pinnixa_cylindrica" spec="beast.evolution.alignment.Taxon"/>
#            <taxon id="Pinnotheridae_Rathbunixa_pearsei" spec="beast.evolution.alignment.Taxon"/>
#            <taxon id="Pinnotheridae_Scleroplax_schmitti" spec="beast.evolution.alignment.Taxon"/>
#            <taxon id="Pinnotheridae_Scleroplax_tubicola" spec="beast.evolution.alignment.Taxon"/>
#            <taxon id="Plagusiidae_Davusia_glabra" spec="beast.evolution.alignment.Taxon"/>
#            <taxon id="Plagusiidae_Euchirograpsus_americanus" spec="beast.evolution.alignment.Taxon"/>
#            <taxon id="Plagusiidae_Miersiograpsus_kingsleyi" spec="beast.evolution.alignment.Taxon"/>
#            <taxon id="Plagusiidae_Plagusia_squamosa" spec="beast.evolution.alignment.Taxon"/>
#            <taxon id="Platyxanthidae_Danielethus_patagonicus" spec="beast.evolution.alignment.Taxon"/>
#            <taxon id="Platyxanthidae_Homalaspis_plana" spec="beast.evolution.alignment.Taxon"/>
#            <taxon id="Platyxanthidae_Otmaroxanthus_balboai" spec="beast.evolution.alignment.Taxon"/>
#            <taxon id="Platyxanthidae_Platyxanthus_orbignyi" spec="beast.evolution.alignment.Taxon"/>
#            <taxon id="Polybiidae_Bathynectes_longispina" spec="beast.evolution.alignment.Taxon"/>
#            <taxon id="Polybiidae_Liocarcinus_depurator" spec="beast.evolution.alignment.Taxon"/>
#            <taxon id="Polybiidae_Necora_puber" spec="beast.evolution.alignment.Taxon"/>
#            <taxon id="Polybiidae_Parathranites_orientalis" spec="beast.evolution.alignment.Taxon"/>
#            <taxon id="Portunidae_Charybdis_feriata" spec="beast.evolution.alignment.Taxon"/>
#            <taxon id="Portunidae_Portunus_pelagicus" spec="beast.evolution.alignment.Taxon"/>
#            <taxon id="Portunidae_Portunus_sayi" spec="beast.evolution.alignment.Taxon"/>
#            <taxon id="Portunidae_Scylla_paramamosain" spec="beast.evolution.alignment.Taxon"/>
#            <taxon id="Portunidae_Thalamita_prymna" spec="beast.evolution.alignment.Taxon"/>
#            <taxon id="Potamidae_Cryptopotamon_anacoluthon" spec="beast.evolution.alignment.Taxon"/>
#            <taxon id="Potamidae_Isolapotamon_griswoldi" spec="beast.evolution.alignment.Taxon"/>
#            <taxon id="Potamidae_Johora_tiomanensis" spec="beast.evolution.alignment.Taxon"/>
#            <taxon id="Potamidae_Nanhaipotamon_hongkongense" spec="beast.evolution.alignment.Taxon"/>
#            <taxon id="Potamidae_Potamon_fluviatile" spec="beast.evolution.alignment.Taxon"/>
#            <taxon id="Potamidae_Potamon_persicum" spec="beast.evolution.alignment.Taxon"/>
#            <taxon id="Potamonautidae_Platythelphusa_armata" spec="beast.evolution.alignment.Taxon"/>
#            <taxon id="Potamonautidae_Potamonautes_perlatus" spec="beast.evolution.alignment.Taxon"/>
#            <taxon id="Potamonautidae_Potamonautes_subukia" spec="beast.evolution.alignment.Taxon"/>
#            <taxon id="Potamonautidae_Seychellum_alluaudi" spec="beast.evolution.alignment.Taxon"/>
#            <taxon id="Progeryonidae_Rhadinoplax_micropthalmus" spec="beast.evolution.alignment.Taxon"/>
#            <taxon id="Pseudocarcinidae_Pseudocarcinus_gigas" spec="beast.evolution.alignment.Taxon"/>
#            <taxon id="Pseudocarcinidae_Pseudocarcinus_gigas_ourdata" spec="beast.evolution.alignment.Taxon"/>
#            <taxon id="Pseudorhombilidae_Lophoxanthus_lamellipes" spec="beast.evolution.alignment.Taxon"/>
#            <taxon id="Pseudorhombilidae_Micropanope_sculptipes" spec="beast.evolution.alignment.Taxon"/>
#            <taxon id="Pseudorhombilidae_Nanoplax_xanthiformis" spec="beast.evolution.alignment.Taxon"/>
#            <taxon id="Pseudorhombilidae_Panoplax_depressa" spec="beast.evolution.alignment.Taxon"/>
#            <taxon id="Pseudorhombilidae_Pseudorhombila_quadridentata" spec="beast.evolution.alignment.Taxon"/>
#            <taxon id="Pseudorhombilidae_Thalassoplax_angusta" spec="beast.evolution.alignment.Taxon"/>
#            <taxon id="Pseudorhombilidae_Trapezioplax_tridentata" spec="beast.evolution.alignment.Taxon"/>
#            <taxon id="Pseudothelphusidae_Epilobocera_gilmanii" spec="beast.evolution.alignment.Taxon"/>
#            <taxon id="Pseudothelphusidae_Epilobocera_sinuatifrons" spec="beast.evolution.alignment.Taxon"/>
#            <taxon id="Pseudothelphusidae_Potamocarcinus_sp" spec="beast.evolution.alignment.Taxon"/>
#            <taxon id="Pseudothelphusidae_Ptychophallus_montanus" spec="beast.evolution.alignment.Taxon"/>
#            <taxon id="Pseudothelphusidae_Ptychophallus_sp" spec="beast.evolution.alignment.Taxon"/>
#            <taxon id="Pseudothelphusidae_Raddus_orestrius" spec="beast.evolution.alignment.Taxon"/>
#            <taxon id="Pseudoziidae_Euryozius_camachoi" spec="beast.evolution.alignment.Taxon"/>
#            <taxon id="Pseudoziidae_Pseudozius_caystrus" spec="beast.evolution.alignment.Taxon"/>
#            <taxon id="Raninidae_Cosmonotus_grayii" spec="beast.evolution.alignment.Taxon"/>
#            <taxon id="Raninidae_Ranilia_muricata" spec="beast.evolution.alignment.Taxon"/>
#            <taxon id="Raninidae_Ranina_ranina" spec="beast.evolution.alignment.Taxon"/>
#            <taxon id="Raninidae_Raninoides_benedicti" spec="beast.evolution.alignment.Taxon"/>
#            <taxon id="Retroplumidae_Retropluma_denticulata" spec="beast.evolution.alignment.Taxon"/>
#            <taxon id="Scalopidiidae_Scalopidia_spinosipes" spec="beast.evolution.alignment.Taxon"/>
#            <taxon id="Sesarmidae_Armases_cinereum" spec="beast.evolution.alignment.Taxon"/>
#            <taxon id="Sesarmidae_Nanosesarma_minutum" spec="beast.evolution.alignment.Taxon"/>
#            <taxon id="Sesarmidae_Parasesarma_affine" spec="beast.evolution.alignment.Taxon"/>
#            <taxon id="Sesarmidae_Parasesarma_eumolpe" spec="beast.evolution.alignment.Taxon"/>
#            <taxon id="Sesarmidae_Parasesarma_pictum" spec="beast.evolution.alignment.Taxon"/>
#            <taxon id="Sesarmidae_Perisesarma_bidens" spec="beast.evolution.alignment.Taxon"/>
#            <taxon id="Tanaochelidae_Tanaocheles_bidentata" spec="beast.evolution.alignment.Taxon"/>
#            <taxon id="Tetrallidae_Tetralia_glaberrima" spec="beast.evolution.alignment.Taxon"/>
#            <taxon id="Thiidae_Thia_scutellata1and2" spec="beast.evolution.alignment.Taxon"/>
#            <taxon id="Trapeziidae_Philippicarcinus_oviformis" spec="beast.evolution.alignment.Taxon"/>
#            <taxon id="Trapeziidae_Trapezia_digitalis" spec="beast.evolution.alignment.Taxon"/>
#            <taxon id="Trapeziidae_Trapezia_rufopunctata" spec="beast.evolution.alignment.Taxon"/>
#            <taxon id="Trapeziidae_Trapezia_septata" spec="beast.evolution.alignment.Taxon"/>
#            <taxon id="Trapeziidae_Trapezia_tigrina" spec="beast.evolution.alignment.Taxon"/>
#            <taxon id="Trichodactylidae_Fredilocarcinus_apyratii" spec="beast.evolution.alignment.Taxon"/>
#            <taxon id="Trichodactylidae_Trichodactylus_dentatus" spec="beast.evolution.alignment.Taxon"/>
#            <taxon id="Trichodactylidae_Valdivia_serrata" spec="beast.evolution.alignment.Taxon"/>
#            <taxon id="Trichopeltariidae_Trichopeltarion_nobile" spec="beast.evolution.alignment.Taxon"/>
#            <taxon id="Varunidae_Cyclograpsus_cinereus" spec="beast.evolution.alignment.Taxon"/>
#            <taxon id="Varunidae_Eriocheir_japonica" spec="beast.evolution.alignment.Taxon"/>
#            <taxon id="Varunidae_Gaetice_depressus" spec="beast.evolution.alignment.Taxon"/>
#            <taxon id="Varunidae_Hemigrapsus_crenulatus" spec="beast.evolution.alignment.Taxon"/>
#            <taxon id="Varunidae_Hemigrapsus_penicillatus" spec="beast.evolution.alignment.Taxon"/>
#            <taxon id="Varunidae_Metaplax_longipes" spec="beast.evolution.alignment.Taxon"/>
#            <taxon id="Vultocinidae_Vultocinus_anfractus" spec="beast.evolution.alignment.Taxon"/>
#            <taxon id="Xanthidae_Actaea_bifrons" spec="beast.evolution.alignment.Taxon"/>
#            <taxon id="Xanthidae_Actaeodes_cf_tomentosus" spec="beast.evolution.alignment.Taxon"/>
#            <taxon id="Xanthidae_Allactaea_lithostrota" spec="beast.evolution.alignment.Taxon"/>
#            <taxon id="Xanthidae_Atergatis_floridus" spec="beast.evolution.alignment.Taxon"/>
#            <taxon id="Xanthidae_Atergatis_integerrimus" spec="beast.evolution.alignment.Taxon"/>
#            <taxon id="Xanthidae_Carpoporus_papulosus" spec="beast.evolution.alignment.Taxon"/>
#            <taxon id="Xanthidae_Cataleptodius_floridanus" spec="beast.evolution.alignment.Taxon"/>
#            <taxon id="Xanthidae_Cyclodius_nitidus" spec="beast.evolution.alignment.Taxon"/>
#            <taxon id="Xanthidae_Demania_scaberrima" spec="beast.evolution.alignment.Taxon"/>
#            <taxon id="Xanthidae_Edwardsium_lobipes" spec="beast.evolution.alignment.Taxon"/>
#            <taxon id="Xanthidae_Lybia_tessellata" spec="beast.evolution.alignment.Taxon"/>
#            <taxon id="Xanthidae_Novactaea_bella" spec="beast.evolution.alignment.Taxon"/>
#            <taxon id="Xanthidae_Palapedia_cf_nitida" spec="beast.evolution.alignment.Taxon"/>
#            <taxon id="Xanthidae_Paractaea_rufopunctata" spec="beast.evolution.alignment.Taxon"/>
#            <taxon id="Xanthidae_Paraxanthus_barbiger" spec="beast.evolution.alignment.Taxon"/>
#            <taxon id="Xanthidae_Pilodius_areolatus" spec="beast.evolution.alignment.Taxon"/>
#            <taxon id="Xanthidae_Platyactaea_dovii" spec="beast.evolution.alignment.Taxon"/>
#            <taxon id="Xanthidae_Williamstimpsonia_denticulatus" spec="beast.evolution.alignment.Taxon"/>
#            <taxon id="Xanthidae_Xanthias_canaliculatus" spec="beast.evolution.alignment.Taxon"/>
#            <taxon id="Xanthidae_Xantho_pilipes" spec="beast.evolution.alignment.Taxon"/>
#            <taxon id="Xanthidae_Xanthodius_cooksoni" spec="beast.evolution.alignment.Taxon"/>
#            <taxon id="Xanthidae_Xanthodius_sternberghii1and2" spec="beast.evolution.alignment.Taxon"/>
#            <taxon id="Xenograpsidae_Xenograpsus_ngatama" spec="beast.evolution.alignment.Taxon"/>
#            <taxon id="Xenograpsidae_Xenograpsus_testudinatus" spec="beast.evolution.alignment.Taxon"/>
#            <taxon id="Xenophthalmidae_Xenophthalmus_pinnotheroides" spec="beast.evolution.alignment.Taxon"/>
#        </taxonset>
#        <LogNormal id="LogNormalDistributionModel.92" meanInRealSpace="true" name="distr" offset="25.0">
#            <parameter estimate="false" id="RealParameter.1060" name="M" spec="beast.core.parameter.RealParameter">282.0</parameter>
#            <parameter estimate="false" id="RealParameter.1061" lower="0.0" name="S" spec="beast.core.parameter.RealParameter" upper="5.0">0.25</parameter>
#        </LogNormal>
#    </distribution>
#    <distribution id="likelihood" spec="beast.core.util.CompoundDistribution" useThreads="true">
#        <distribution data="@12S" id="treeLikelihood.12S" spec="beast.evolution.likelihood.ThreadedTreeLikelihood" tree="@Tree.t:concat">
#            <siteModel id="SiteModel.s:12S" spec="beast.evolution.sitemodel.SiteModel">
#                <parameter estimate="false" id="mutationRate.s:12S" name="mutationRate" spec="beast.core.parameter.RealParameter">1.0</parameter>
#                <parameter estimate="false" id="gammaShape.s:12S" name="shape" spec="beast.core.parameter.RealParameter">1.0</parameter>
#                <parameter estimate="false" id="proportionInvariant.s:12S" lower="0.0" name="proportionInvariant" spec="beast.core.parameter.RealParameter" upper="1.0">0.0</parameter>
#                <substModel id="Standard_GTR.s:12S" spec="substmodels.nucleotide.GTR">
#                    <parameter dimension="6" id="GTRrates.s:12S" lower="0.0" name="rates" spec="beast.core.parameter.RealParameter">1.0 1.0 1.0 1.0 1.0 1.0</parameter>
#                    <frequencies id="GTRFreqs.s:12S" spec="beast.evolution.substitutionmodel.Frequencies">
#                        <parameter dimension="4" id="GTRfreqParameter.s:12S" lower="0.0" name="frequencies" spec="beast.core.parameter.RealParameter" upper="1.0">0.25</parameter>
#                    </frequencies>
#                </substModel>
#            </siteModel>
#            <branchRateModel clock.rate="@ucldMean.c:12S" id="RelaxedClock.c:12S" spec="beast.evolution.branchratemodel.UCRelaxedClockModel" tree="@Tree.t:concat">
#                <LogNormal S="@ucldStdev.c:12S" id="LogNormalDistributionModel.c:12S" meanInRealSpace="true" name="distr">
#                    <parameter estimate="false" id="RealParameter.24" lower="0.0" name="M" spec="beast.core.parameter.RealParameter" upper="1.0">1.0</parameter>
#                </LogNormal>
#                <rateCategories dimension="686" id="rateCategories.c:12S" spec="beast.core.parameter.IntegerParameter">1</rateCategories>
#            </branchRateModel>
#        </distribution>
#    </distribution>
#</input>
#
Sample	posterior	likelihood	prior	treeLikelihood	TreeHeight	GTRfreqParameter.1	GTRfreqParameter.2	GTRfreqParameter.3	GTRfreqParameter.4	RateAC-Standard_GTR	RateAG-Standard_GTR	RateAT-Standard_GTR	RateCG-Standard_GTR	RateCT-Standard_GTR	RateGT-Standard_GTR	ucldStdev	rate.mean	rate.variance	rate.coefficientOfVariation	ucldMean	FBD	diversificationRateFBD	turnoverFBD	samplingProportionFBD	SACountFBD
0	-117109.43810585297	-113538.89447007977	-3565.366969786109	-113538.89447007977	305.90831330000003	0.25	0.25	0.25	0.25	1.0	1.0	1.0	1.0	1.0	1.0	0.1	1.0027914216881875	0.010486138832745897	0.10193474390360664	1.0	-3566.18633393123	0.01	0.5	0.5	0
1000	-115235.94944690993	-113470.44452503315	-1759.1422116935069	-113470.44452503315	406.28455212283325	0.25	0.25	0.2487880146226205	0.2512119853773795	1.0	1.0	1.0	1.07469178245999	0.9881012019833758	0.9372070155566342	0.1689409113374216	0.8440427278209174	0.021261811641405143	0.1723188523533657	0.8421245820959641	-1759.5396309782998	0.013851947390242935	0.005998818355722945	0.03421092923240492	0
