#
#model:
#
#<?xml version="1.0" encoding="UTF-8" standalone="no"?><input id="posterior" spec="beast.base.inference.CompoundDistribution">
#    <distribution id="prior" spec="beast.base.inference.CompoundDistribution">
#        <distribution id="CoalescentConstant.t:seqs" spec="beast.base.evolution.tree.coalescent.Coalescent">
#            <populationModel id="ConstantPopulation.t:seqs" spec="beast.base.evolution.tree.coalescent.ConstantPopulation">
#                <parameter id="popSize.t:seqs" lower="0.0" name="popSize" spec="beast.base.inference.parameter.RealParameter">0.3</parameter>
#            </populationModel>
#            <treeIntervals id="TreeIntervals.t:seqs" spec="beast.base.evolution.tree.TreeIntervals">
#                <tree id="Tree.t:seqs" spec="beast.base.evolution.tree.Tree">
#                    <trait id="dateTrait.t:seqs" spec="beast.base.evolution.tree.TraitSet" traitname="date" value="23_6.2291=6.2291,6_9.0418=9.0418,3_9.2292=9.2292,24_6.1965=6.1965,10_8.2776=8.2776,26_5.5046=5.5046,12_8.1208=8.1208,34_3.9207=3.9207,29_4.9566=4.9566,31_4.5777=4.5777,1_9.7657=9.7657,15_7.5962=7.5962,14_7.6988=7.6988,11_8.1625=8.1625,28_5.3543=5.3543,7_8.7836=8.7836,21_6.4781=6.4781,4_9.0679=9.0679,2_9.3451=9.3451,22_6.4532=6.4532,5_9.0676=9.0676,27_5.455=5.455,9_8.3274=8.3274,32_4.2478=4.2478,20_6.8164=6.8164,25_6.0094=6.0094,33_4.1652=4.1652,35_2.4264=2.4264,17_7.0269=7.0269,36_1.8347=1.8347,19_6.8397=6.8397,30_4.8928=4.8928,18_6.8896=6.8896,16_7.2114=7.2114,13_7.7576=7.7576,8_8.6063=8.6063">
#                        <taxa id="TaxonSet.seqs" spec="beast.base.evolution.alignment.TaxonSet">
#                        </taxa>
#                    </trait>
#                    <taxonset idref="TaxonSet.seqs"/>
#                </tree>
#            </treeIntervals>
#        </distribution>
#        <prior id="ClockPrior.c:seqs" name="distribution">
#            <parameter id="clockRate.c:seqs" lower="0.0" name="x" spec="beast.base.inference.parameter.RealParameter">0.1</parameter>
#            <Uniform id="Uniform.0" name="distr" upper="Infinity"/>
#        </prior>
#        <prior id="FrequenciesPrior.s:seqs" name="distribution">
#            <parameter dimension="4" id="freqParameter.s:seqs" lower="0.0" name="x" spec="beast.base.inference.parameter.RealParameter" upper="1.0">0.25</parameter>
#            <Uniform id="Uniform.3" name="distr"/>
#        </prior>
#        <prior id="PopSizePrior.t:seqs" name="distribution" x="@popSize.t:seqs">
#            <OneOnX id="OneOnX.1" name="distr"/>
#        </prior>
#        <prior id="RateACPrior.s:seqs" name="distribution">
#            <parameter id="rateAC.s:seqs" lower="0.0" name="x" spec="beast.base.inference.parameter.RealParameter">1.0</parameter>
#            <Gamma id="Gamma.2" name="distr">
#                <parameter estimate="false" id="RealParameter.5" name="alpha" spec="beast.base.inference.parameter.RealParameter">0.05</parameter>
#                <parameter estimate="false" id="RealParameter.6" name="beta" spec="beast.base.inference.parameter.RealParameter">10.0</parameter>
#            </Gamma>
#        </prior>
#        <prior id="RateAGPrior.s:seqs" name="distribution">
#            <parameter id="rateAG.s:seqs" lower="0.0" name="x" spec="beast.base.inference.parameter.RealParameter">1.0</parameter>
#            <Gamma id="Gamma.3" name="distr">
#                <parameter estimate="false" id="RealParameter.7" name="alpha" spec="beast.base.inference.parameter.RealParameter">0.05</parameter>
#                <parameter estimate="false" id="RealParameter.8" name="beta" spec="beast.base.inference.parameter.RealParameter">20.0</parameter>
#            </Gamma>
#        </prior>
#        <prior id="RateATPrior.s:seqs" name="distribution">
#            <parameter id="rateAT.s:seqs" lower="0.0" name="x" spec="beast.base.inference.parameter.RealParameter">1.0</parameter>
#            <Gamma id="Gamma.4" name="distr">
#                <parameter estimate="false" id="RealParameter.9" name="alpha" spec="beast.base.inference.parameter.RealParameter">0.05</parameter>
#                <parameter estimate="false" id="RealParameter.10" name="beta" spec="beast.base.inference.parameter.RealParameter">10.0</parameter>
#            </Gamma>
#        </prior>
#        <prior id="RateCGPrior.s:seqs" name="distribution">
#            <parameter id="rateCG.s:seqs" lower="0.0" name="x" spec="beast.base.inference.parameter.RealParameter">1.0</parameter>
#            <Gamma id="Gamma.5" name="distr">
#                <parameter estimate="false" id="RealParameter.11" name="alpha" spec="beast.base.inference.parameter.RealParameter">0.05</parameter>
#                <parameter estimate="false" id="RealParameter.12" name="beta" spec="beast.base.inference.parameter.RealParameter">10.0</parameter>
#            </Gamma>
#        </prior>
#        <prior id="RateGTPrior.s:seqs" name="distribution">
#            <parameter id="rateGT.s:seqs" lower="0.0" name="x" spec="beast.base.inference.parameter.RealParameter">1.0</parameter>
#            <Gamma id="Gamma.7" name="distr">
#                <parameter estimate="false" id="RealParameter.15" name="alpha" spec="beast.base.inference.parameter.RealParameter">0.05</parameter>
#                <parameter estimate="false" id="RealParameter.16" name="beta" spec="beast.base.inference.parameter.RealParameter">10.0</parameter>
#            </Gamma>
#        </prior>
#    </distribution>
#    <distribution id="likelihood" spec="beast.base.inference.CompoundDistribution" useThreads="true">
#        <distribution data="@seqs" id="treeLikelihood.seqs" spec="beast.base.evolution.likelihood.ThreadedTreeLikelihood" tree="@Tree.t:seqs">
#            <siteModel id="SiteModel.s:seqs" spec="beast.base.evolution.sitemodel.SiteModel">
#                <parameter estimate="false" id="mutationRate.s:seqs" lower="0.0" name="mutationRate" spec="beast.base.inference.parameter.RealParameter">1.0</parameter>
#                <parameter estimate="false" id="gammaShape.s:seqs" lower="0.1" name="shape" spec="beast.base.inference.parameter.RealParameter">1.0</parameter>
#                <parameter estimate="false" id="proportionInvariant.s:seqs" lower="0.0" name="proportionInvariant" spec="beast.base.inference.parameter.RealParameter" upper="1.0">0.0</parameter>
#                <substModel id="gtr.s:seqs" rateAC="@rateAC.s:seqs" rateAG="@rateAG.s:seqs" rateAT="@rateAT.s:seqs" rateCG="@rateCG.s:seqs" rateGT="@rateGT.s:seqs" spec="beast.base.evolution.substitutionmodel.GTR">
#                    <parameter estimate="false" id="rateCT.s:seqs" lower="0.0" name="rateCT" spec="beast.base.inference.parameter.RealParameter">1.0</parameter>
#                    <frequencies frequencies="@freqParameter.s:seqs" id="estimatedFreqs.s:seqs" spec="beast.base.evolution.substitutionmodel.Frequencies"/>
#                </substModel>
#            </siteModel>
#            <branchRateModel clock.rate="@clockRate.c:seqs" id="StrictClock.c:seqs" spec="beast.base.evolution.branchratemodel.StrictClockModel"/>
#        </distribution>
#    </distribution>
#</input>
#
Sample	posterior	likelihood	prior	treeLikelihood	Tree.height	Tree.treeLength	clockRate	rateAC	rateAG	rateAT	rateCG	rateGT	freqParameter.1	freqParameter.2	freqParameter.3	freqParameter.4	popSize	CoalescentConstant
0	-13950.989275306058	-13872.009857667425	-78.97941763863346	-13872.009857667425	8.301407506701265	25.006308479248187	0.1	1.0	1.0	1.0	1.0	1.0	0.25	0.25	0.25	0.25	0.3	-64.27869080542423
1000	-12111.77905238918	-12018.284594725588	-93.494457663591	-12018.284594725588	8.058612478641722	40.4670865483624	0.07122593873244339	1.4056372674745072	0.6921355244319741	0.8649094864085916	1.2601008647698628	1.3524227659108288	0.2859936469456471	0.15403884041527358	0.29069769280052277	0.26926981983855647	3.319254618912664	-75.97465152834698
2000	-11941.602173686388	-11843.25519208896	-98.3469815974274	-11843.25519208896	7.992637573487388	42.5936554933316	0.07122593873244339	1.4056372674745072	0.6921355244319741	0.8649094864085916	1.2601008647698628	1.3524227659108288	0.2859936469456471	0.15403884041527358	0.29069769280052277	0.26926981983855647	4.271132837731398	-80.57503661389866
3000	-11181.777388372739	-11055.237631724667	-126.53975664807182	-11055.237631724667	7.998327641088929	61.607247859675894	0.035340251487791845	1.4056372674745072	0.6921355244319741	0.8649094864085916	1.2601008647698628	1.3524227659108288	0.2859936469456471	0.15403884041527358	0.29069769280052277	0.26926981983855647	6.70393150654105	-108.31699661185095
4000	-10746.22583699102	-10612.23532775529	-133.99050923572995	-10612.23532775529	8.309015291716843	69.87639185295704	0.026250492399553287	1.0644150897138924	0.9995925012018743	0.6443111010970436	0.971562168611159	1.0911429037797642	0.3102374020616093	0.21154131964406542	0.3110802153963743	0.16714106289795097	9.957354389043713	-116.11359650601413
5000	-10523.80293556369	-10380.391556589027	-143.41137897466294	-10380.391556589027	8.079496350605602	76.10994862957128	0.026250492399553287	1.0644150897138924	0.6242046847964688	1.272200960093919	0.971562168611159	0.7020678144211357	0.3102374020616093	0.21154131964406542	0.3110802153963743	0.16714106289795097	9.945086801017496	-125.75051030588946
6000	-10319.904439716274	-10170.131665044957	-149.77277467131665	-10170.131665044957	8.198942077557426	85.74290728512189	0.018940583031887268	0.7799235233449976	0.509946017963125	1.0953156451516433	0.76494355669088	1.0083429280732938	0.25863371996582885	0.2988493705209324	0.301290488484899	0.14122642102833985	19.186000125847904	-132.00962585398736
7000	-10232.781980085592	-10082.010704310396	-150.77127577519573	-10082.010704310396	8.106193597810595	88.97750855557649	0.018940583031887268	0.7799235233449976	0.509946017963125	0.7878902400364436	0.76494355669088	0.6659585574408604	0.25863371996582885	0.2988493705209324	0.301290488484899	0.14122642102833985	13.071412003992132	-134.1639226962975
8000	-10042.539797919924	-9888.002374241021	-154.53742367890234	-9888.002374241021	8.037346987191226	92.74871907739396	0.018940583031887268	0.7799235233449976	0.509946017963125	0.7878902400364436	0.76494355669088	0.6659585574408604	0.25863371996582885	0.2988493705209324	0.301290488484899	0.14122642102833985	18.707869641530795	-137.5715538839961
9000	-9904.931222902878	-9748.050920660711	-156.88030224216797	-9748.050920660711	8.364735246139308	96.06131790591846	0.018940583031887268	0.7799235233449976	0.509946017963125	0.7878902400364436	0.76494355669088	0.6659585574408604	0.25863371996582885	0.2988493705209324	0.301290488484899	0.14122642102833985	18.707869641530795	-139.91443244726173
10000	-9688.544765753712	-9534.81308461903	-153.7316811346814	-9534.81308461903	8.33095585071283	91.99173013363456	0.018940583031887268	0.7799235233449976	0.509946017963125	0.7878902400364436	0.76494355669088	0.6659585574408604	0.25863371996582885	0.2988493705209324	0.28385415486387766	0.1586627546493612	16.568058412529794	-136.8872789618438
11000	-9594.539155146245	-9441.335366932832	-153.20378821341438	-9441.335366932832	8.027291233618431	90.47179119807089	0.018940583031887268	0.7799235233449976	0.6556053620304235	0.7878902400364436	0.76494355669088	0.6659585574408604	0.25863371996582885	0.2988493705209324	0.28385415486387766	0.1586627546493612	18.644027071252605	-135.99536244753384
12000	-9409.495067500735	-9259.097392650845	-150.3976748498892	-9259.097392650845	8.39347447998281	90.05716940215926	0.018940583031887268	0.7799235233449976	0.6556053620304235	0.7878902400364436	0.6485424166941228	0.6659585574408604	0.25863371996582885	0.2988493705209324	0.28385415486387766	0.1586627546493612	16.32814473245475	-133.4903456469846
13000	-9378.520549636174	-9225.409272865802	-153.11127677037217	-9225.409272865802	8.4814400374864	93.88540662749094	0.018940583031887268	0.7799235233449976	0.6556053620304235	0.7878902400364436	0.6485424166941228	0.6659585574408604	0.2688714663856416	0.2886116241011197	0.28385415486387766	0.1586627546493612	16.787983391485998	-136.17617450083875
14000	-9366.62297059967	-9213.795691325882	-152.8272792737889	-9213.795691325882	8.35196968408712	90.94178554353317	0.018940583031887268	0.7799235233449976	0.6556053620304235	1.1197079446130416	0.6485424166941228	0.6659585574408604	0.2688714663856416	0.2886116241011197	0.28385415486387766	0.1586627546493612	19.856781681083152	-135.35722183787303
15000	-9357.996938939925	-9203.164753564688	-154.83218537523615	-9203.164753564688	8.309892432718147	93.02878176179831	0.019785789592329888	0.7066546820605811	0.7573169184375748	0.9598230039492751	0.83053736261785	0.9870354866001803	0.2985586519121685	0.22816608338454994	0.2924768717440063	0.18079839295927538	20.308741228363147	-136.8018418633869
16000	-9353.862399044372	-9199.88655326125	-153.9758457831214	-9199.88655326125	8.269968305742335	90.98150858932662	0.019785789592329888	0.7066546820605811	0.7573169184375748	0.9598230039492751	0.83053736261785	0.9870354866001803	0.2985586519121685	0.22816608338454994	0.2924768717440063	0.18079839295927538	21.125128997712366	-135.90609038739453
17000	-9335.923105789387	-9180.153475963258	-155.76962982612835	-9180.153475963258	8.077855393519982	91.77855533503207	0.019785789592329888	1.0599338311006696	0.7573169184375748	1.1883316682899197	0.83053736261785	0.9870354866001803	0.29419009782005834	0.22816608338454994	0.29067952920499734	0.18696428959039452	18.369491345897654	-137.19344015006035
18000	-9317.807329011272	-9158.87277558108	-158.93455343019278	-9158.87277558108	8.199067652594373	97.19124628515915	0.016617577001053877	0.9530475758778312	0.8297696225113769	0.846366049101973	0.9649800366360163	0.841700472082016	0.24367183016091626	0.2739217855754768	0.31577124277243623	0.1666351414911706	23.17361466166019	-140.5137474634481
19000	-9314.074923741435	-9151.95873032084	-162.1161934205963	-9151.95873032084	8.336642330210207	99.8411325916612	0.016617577001053877	0.9530475758778312	0.8297696225113769	0.846366049101973	0.7472168295093635	0.841700472082016	0.24367183016091626	0.2739217855754768	0.31577124277243623	0.1666351414911706	13.472386086724358	-144.5025003948357
20000	-9313.196585727683	-9154.100032359136	-159.09655336854695	-9154.100032359136	8.244263733997634	99.95077879599629	0.016617577001053877	0.9530475758778312	0.639053903244016	0.846366049101973	0.7472168295093635	0.666917510777848	0.24367183016091626	0.2739217855754768	0.31577124277243623	0.1666351414911706	19.121886374298416	-141.6289042641494
21000	-9258.775035480749	-9095.995028683436	-162.78000679731372	-9095.995028683436	8.326660788289388	104.81518112948255	0.016617577001053877	0.9530475758778312	0.639053903244016	0.846366049101973	0.7472168295093635	0.7942667318102394	0.24367183016091626	0.2739217855754768	0.31577124277243623	0.1666351414911706	22.701520770226026	-144.96200909259522
22000	-9246.017467502556	-9084.475806368171	-161.54166113438376	-9084.475806368171	8.363233628819863	103.97028619902433	0.016617577001053877	0.7871950448105898	0.7712455974813621	0.846366049101973	0.7472168295093635	0.7942667318102394	0.24367183016091626	0.2739217855754768	0.31577124277243623	0.1666351414911706	20.77909881438246	-143.82513557527525
23000	-9240.634766147632	-9080.53101299913	-160.10375314850097	-9080.53101299913	8.343389695327657	100.56214203723533	0.016617577001053877	0.7871950448105898	0.7712455974813621	0.846366049101973	0.7472168295093635	0.7942667318102394	0.24367183016091626	0.2739217855754768	0.31577124277243623	0.1666351414911706	16.724755326475716	-142.6042852294935
24000	-9169.57258200841	-9006.788937966083	-162.78364404232792	-9006.788937966083	8.396378663395188	103.46846368093183	0.012664185732624884	0.6742258110758014	0.6423930074328145	0.7139211846919419	0.840725703599066	0.8845542684100793	0.2520542994993987	0.2642193152114741	0.2795885931885351	0.20413779210059202	17.416420641895673	-145.52446326660862
25000	-9139.918521038573	-8971.456611532607	-168.46190950596574	-8971.456611532607	8.709399822909631	114.87269808062493	0.012664185732624884	0.6742258110758014	0.6423930074328145	0.9571513578320964	0.840725703599066	0.8845542684100793	0.2520542994993987	0.2642193152114741	0.2795885931885351	0.20413779210059202	22.685408815572607	-150.63556773623344
26000	-9125.1044182506	-8955.9017136143	-169.20270463630052	-8955.9017136143	8.590405242861426	116.0800575694053	0.012664185732624884	0.6742258110758014	0.7669823429794058	0.9571513578320964	0.840725703599066	0.6584914641718813	0.2520542994993987	0.2642193152114741	0.2795885931885351	0.20413779210059202	21.85584373571341	-151.5419686460075
27000	-9134.48746763536	-8965.016447695361	-169.4710199399984	-8965.016447695361	8.577026373767294	118.15014180446745	0.012664185732624884	0.6742258110758014	0.7669823429794058	0.9571513578320964	0.840725703599066	0.6584914641718813	0.2520542994993987	0.2642193152114741	0.2795885931885351	0.20413779210059202	27.899562748752317	-151.5661412667311
28000	-9127.336430630185	-8956.203706239685	-171.13272439050039	-8956.203706239685	8.694681088133779	121.29506622485422	0.012664185732624884	0.6742258110758014	0.7669823429794058	0.9571513578320964	0.840725703599066	0.6584914641718813	0.2520542994993987	0.2642193152114741	0.2795885931885351	0.20413779210059202	26.766125813317437	-153.26931960799666
29000	-9121.885451509697	-8952.666627031424	-169.21882447827332	-8952.666627031424	8.561573399948822	115.59840204123641	0.012664185732624884	0.6742258110758014	0.7669823429794058	0.9571513578320964	0.840725703599066	0.6584914641718813	0.2520542994993987	0.2642193152114741	0.2795885931885351	0.20413779210059202	30.278300352096256	-151.23212552566937
30000	-9134.027754229219	-8964.564957690369	-169.46279653885006	-8964.564957690369	8.615752129993652	117.07407631674819	0.012664185732624884	0.6742258110758014	0.7669823429794058	0.9571513578320964	0.840725703599066	0.6584914641718813	0.2520542994993987	0.2642193152114741	0.2795885931885351	0.20413779210059202	22.571454952884608	-151.76984282942988
31000	-9113.9985054677	-8939.11300470646	-174.88550076123994	-8939.11300470646	9.294574712246149	129.95417725631543	0.011019937506594185	0.754492498777509	0.8641628336140368	1.0900457880971226	1.0027382344130866	0.752067610512385	0.25602901469337824	0.24015209984959107	0.2437859198457592	0.26003296561127154	26.64723502199447	-156.33746809433615
32000	-9114.6352551092	-8941.09735575898	-173.5378993502196	-8941.09735575898	9.458454896780383	127.19179353033728	0.011019937506594185	1.140666739480241	0.8641628336140368	0.8220544628931143	1.0027382344130866	0.752067610512385	0.25602901469337824	0.24015209984959107	0.2437859198457592	0.26003296561127154	29.06659474057377	-154.7665473847169
33000	-9117.974855142507	-8943.120519336977	-174.85433580553067	-8943.120519336977	9.557340048241748	131.99294616173106	0.011019937506594185	1.140666739480241	0.8641628336140368	0.8220544628931143	1.0027382344130866	0.9631614262544159	0.25602901469337824	0.24015209984959107	0.2437859198457592	0.26003296561127154	31.433708346084636	-155.74855813604265
34000	-9100.445497103512	-8925.725379982263	-174.72011712124836	-8925.725379982263	9.143590769314049	127.09908784548396	0.011019937506594185	1.140666739480241	0.8641628336140368	1.1617614819994608	1.0027382344130866	0.9631614262544159	0.25602901469337824	0.24015209984959107	0.2437859198457592	0.26003296561127154	32.35744268656851	-155.22281381732358
35000	-9102.99965624277	-8925.913034216546	-177.08662202622395	-8925.913034216546	9.356707213238371	134.70597681344228	0.011019937506594185	1.140666739480241	0.8641628336140368	0.8299931862066509	1.0027382344130866	0.7049085521164744	0.25602901469337824	0.24015209984959107	0.2437859198457592	0.26003296561127154	37.21321520620028	-158.12450765552677
36000	-9109.34981473018	-8932.354434157258	-176.99538057292273	-8932.354434157258	9.025296269554577	131.79830079632268	0.011019937506594185	1.140666739480241	0.8641628336140368	0.8299931862066509	1.0027382344130866	0.7049085521164744	0.263844954217797	0.24015209984959107	0.2437859198457592	0.25221702608685276	34.36227690433959	-158.11297078684385
37000	-9105.413464652096	-8931.996318421161	-173.4171462309347	-8931.996318421161	8.821707693626141	124.08832865198332	0.011019937506594185	1.140666739480241	0.8641628336140368	0.8299931862066509	1.0027382344130866	0.782621643637969	0.263844954217797	0.24015209984959107	0.2437859198457592	0.25221702608685276	26.40541059752148	-154.69100334057478
38000	-9098.545713554922	-8922.139027126483	-176.40668642843931	-8922.139027126483	9.228230129511726	132.15038900417557	0.011019937506594185	1.140666739480241	0.8641628336140368	0.9871322572220481	1.0027382344130866	0.782621643637969	0.2531466909934556	0.24015209984959107	0.2437859198457592	0.2629152893111942	31.81719088778636	-157.313674617948
39000	-9108.759274406777	-8934.9959393513	-173.76333505547646	-8934.9959393513	8.717299839106257	124.42146556997082	0.011019937506594185	1.140666739480241	0.8641628336140368	0.9871322572220481	1.0027382344130866	0.782621643637969	0.2531466909934556	0.24015209984959107	0.2437859198457592	0.2629152893111942	26.21172023904176	-154.86412333454905
40000	-9107.00933165839	-8928.800192836477	-178.2091388219129	-8928.800192836477	9.068230395970819	128.3300413957332	0.011019937506594185	1.140666739480241	0.8641628336140368	0.9871322572220481	1.0027382344130866	0.782621643637969	0.2531466909934556	0.24015209984959107	0.2437859198457592	0.2629152893111942	49.433372915558834	-158.6755079879002
41000	-9103.621208738894	-8925.603878183962	-178.0173305549332	-8925.603878183962	9.361861382145111	130.68552701565392	0.011019937506594185	1.140666739480241	0.8641628336140368	0.9871322572220481	1.0027382344130866	0.782621643637969	0.2531466909934556	0.24015209984959107	0.2437859198457592	0.2629152893111942	47.438762719896545	-158.5248858087125
42000	-9108.890255852319	-8930.910205566825	-177.98005028549383	-8930.910205566825	9.02137656546694	127.62188155941878	0.011019937506594185	1.140666739480241	0.8641628336140368	0.9871322572220481	1.0027382344130866	0.782621643637969	0.2531466909934556	0.24015209984959107	0.2437859198457592	0.2629152893111942	48.879897615375604	-158.4576789924266
43000	-9101.533772460867	-8925.802094240473	-175.73167822039468	-8925.802094240473	9.338676251149987	130.76052677319643	0.011019937506594185	1.140666739480241	0.8641628336140368	0.9871322572220481	1.0027382344130866	0.9469834368509972	0.2531466909934556	0.24015209984959107	0.2437859198457592	0.2629152893111942	28.236319675368556	-156.56052726165908
44000	-9109.559015576513	-8932.476801218942	-177.08221435757156	-8932.476801218942	9.167813757410865	128.68359425706248	0.011019937506594185	1.140666739480241	0.8641628336140368	0.9871322572220481	1.0027382344130866	0.9469834368509972	0.2531466909934556	0.24015209984959107	0.2437859198457592	0.2629152893111942	21.61967532457984	-158.1780686851242
45000	-9099.931009531252	-8925.31397510052	-174.61703443073216	-8925.31397510052	9.32986366774563	128.102272611219	0.011019937506594185	1.140666739480241	0.8641628336140368	0.9871322572220481	1.0027382344130866	0.9469834368509972	0.2531466909934556	0.24015209984959107	0.2437859198457592	0.2629152893111942	34.47518053718901	-155.24625289259623
46000	-9095.761249156341	-8921.116249030903	-174.64500012543812	-8921.116249030903	9.146595118265596	126.85306803754986	0.011019937506594185	1.140666739480241	0.8641628336140368	0.9871322572220481	1.0027382344130866	0.9469834368509972	0.26249628704414707	0.24015209984959107	0.24789873106072488	0.249452882045537	24.925148868656205	-155.59858095923028
47000	-9099.163954206524	-8924.780015235343	-174.38393897118053	-8924.780015235343	9.350355757038228	126.62455454522139	0.011019937506594185	1.140666739480241	0.8641628336140368	0.9871322572220481	1.0027382344130866	0.9469834368509972	0.26249628704414707	0.24015209984959107	0.24789873106072488	0.249452882045537	28.96199186296372	-155.18741274851624
48000	-9097.981309876708	-8923.617847581618	-174.36346229508987	-8923.617847581618	9.124221506057431	126.33396566146139	0.011019937506594185	1.140666739480241	0.8641628336140368	1.0790017710133986	1.0027382344130866	0.9469834368509972	0.26249628704414707	0.24015209984959107	0.24789873106072488	0.249452882045537	35.985947534402385	-154.85606675192383
49000	-9105.090242722146	-8926.412157381841	-178.67808534030567	-8926.412157381841	9.38880652067081	133.76387125626883	0.011019937506594185	0.9240266220183273	0.8641628336140368	1.0790017710133986	1.0027382344130866	0.9469834368509972	0.26249628704414707	0.24015209984959107	0.24789873106072488	0.249452882045537	24.13098495016418	-159.7920816069258
50000	-9103.010773003998	-8926.588470033035	-176.42230297096336	-8926.588470033035	9.298800179761912	131.92174309379465	0.011019937506594185	0.9240266220183273	0.8641628336140368	1.0790017710133986	1.0027382344130866	0.9469834368509972	0.26249628704414707	0.24015209984959107	0.24789873106072488	0.249452882045537	31.59356416533417	-157.26684250068118
51000	-9104.428737007658	-8927.858781878997	-176.56995512866223	-8927.858781878997	9.361267744950696	132.38555266591845	0.011019937506594185	0.9240266220183273	1.0150507687471562	1.0790017710133986	1.0027382344130866	0.9469834368509972	0.26249628704414707	0.24015209984959107	0.24789873106072488	0.249452882045537	29.254271183255604	-157.33099205126655
52000	-9098.06034953511	-8922.299493988527	-175.76085554658292	-8922.299493988527	9.329968627138093	129.2761579943471	0.011019937506594185	1.0519079793934767	1.0150507687471562	0.9796750122555242	1.0027382344130866	0.9469834368509972	0.26249628704414707	0.2509634854359624	0.23708734547435353	0.249452882045537	25.782704237317567	-156.61396184880402
53000	-9102.948593646366	-8930.372071522987	-172.57652212337962	-8930.372071522987	9.080232313455019	122.34080154663313	0.011019937506594185	1.0519079793934767	1.0150507687471562	0.9796750122555242	1.0027382344130866	0.9469834368509972	0.26249628704414707	0.2602843428495294	0.22776648806078656	0.249452882045537	28.38067316817474	-153.33362392306626
54000	-9098.359984667428	-8925.0508244024	-173.30916026502774	-8925.0508244024	9.099383098295588	124.84117106121977	0.011019937506594185	1.0519079793934767	1.0150507687471562	0.9796750122555242	1.0027382344130866	0.9469834368509972	0.26249628704414707	0.2602843428495294	0.22776648806078656	0.249452882045537	25.555401934461923	-154.17112173566508
55000	-9110.072718276118	-8933.963485619732	-176.10923265638743	-8933.963485619732	9.375964316947057	128.39009107322084	0.011019937506594185	1.0519079793934767	0.9084312702452905	0.9796750122555242	0.8265251560606974	0.9469834368509972	0.26249628704414707	0.2602843428495294	0.22776648806078656	0.249452882045537	41.322104656312725	-156.80261994017545
56000	-9110.099389698009	-8934.144260846087	-175.95512885192193	-8934.144260846087	9.32557440606668	128.32627090316507	0.011019937506594185	1.0519079793934767	0.9084312702452905	0.9796750122555242	0.8265251560606974	0.9469834368509972	0.26249628704414707	0.2602843428495294	0.21956431095289516	0.2576550591534284	41.242895310370514	-156.6504348511529
57000	-9115.718129196315	-8938.97617614036	-176.74195305595427	-8938.97617614036	9.15459299787905	131.64934889172682	0.011019937506594185	1.0519079793934767	0.9084312702452905	0.9796750122555242	0.8265251560606974	0.9469834368509972	0.26249628704414707	0.2496577682169308	0.23019088558549375	0.2576550591534284	27.9056333053319	-157.8279093392002
58000	-9101.466264037956	-8926.325361171652	-175.14090286630415	-8926.325361171652	8.909587945806395	127.1779232625223	0.011019937506594185	1.0519079793934767	0.9084312702452905	0.9796750122555242	0.8265251560606974	0.9469834368509972	0.26249628704414707	0.2496577682169308	0.23019088558549375	0.2576550591534284	26.299976846253497	-156.28611966976882
59000	-9099.46786195956	-8924.342333743803	-175.12552821575707	-8924.342333743803	9.060493509491385	128.1868806151751	0.011019937506594185	1.0519079793934767	0.9084312702452905	0.9796750122555242	0.8265251560606974	0.9469834368509972	0.2738591207249756	0.2496577682169308	0.23019088558549375	0.24629222547259988	35.15626532962142	-155.98051023015324
60000	-9109.789448133926	-8935.00049489619	-174.7889532377352	-8935.00049489619	9.095375432567613	126.93985344314794	0.011019937506594185	1.0519079793934767	0.9084312702452905	0.9796750122555242	0.8265251560606974	0.9469834368509972	0.2738591207249756	0.2496577682169308	0.24020074492670804	0.2362823661313856	35.613772577769325	-155.63100566680754
61000	-9104.108442738629	-8930.18805915368	-173.92038358494915	-8930.18805915368	9.065985616512842	126.21854675855444	0.011019937506594185	1.0519079793934767	0.9084312702452905	0.9796750122555242	0.8265251560606974	0.9469834368509972	0.2738591207249756	0.2496577682169308	0.24020074492670804	0.2362823661313856	31.054654769686643	-154.89941973801558
62000	-9113.425392205825	-8938.138707950207	-175.28668425561693	-8938.138707950207	9.467652035077334	128.39422138320302	0.011019937506594185	1.0519079793934767	0.9084312702452905	0.9796750122555242	0.8265251560606974	0.8663389909357315	0.26300815117975707	0.2496577682169308	0.24020074492670804	0.24713333567660412	38.08618514236695	-156.15423700091395
63000	-9105.093678002757	-8928.68198514282	-176.4116928599365	-8928.68198514282	9.232766592492561	130.9320233268242	0.011019937506594185	1.0519079793934767	0.9084312702452905	0.9796750122555242	1.1706963454186359	0.8663389909357315	0.26300815117975707	0.2496577682169308	0.24020074492670804	0.24713333567660412	30.40814259373008	-157.13925220604776
64000	-9114.689686997406	-8941.65351136607	-173.03617563133508	-8941.65351136607	9.07549137874281	123.29939182508862	0.011019937506594185	1.0519079793934767	0.9084312702452905	0.9796750122555242	1.1706963454186359	0.8663389909357315	0.26300815117975707	0.23679886401842012	0.24020074492670804	0.25999223987511483	29.015652371576593	-153.8106099771397
65000	-9107.420210563989	-8931.083309072268	-176.33690149172034	-8931.083309072268	9.471839771596049	129.69109992260564	0.011019937506594185	1.0519079793934767	0.9084312702452905	0.9796750122555242	1.0521180843600557	1.0907298413389737	0.26300815117975707	0.23241611936078102	0.24020074492670804	0.26437498453275393	34.699571363884836	-156.80450662858937
66000	-9118.391997958093	-8936.414708189683	-181.97728976840992	-8936.414708189683	9.254769267800988	134.7253456943319	0.011019937506594185	1.0519079793934767	0.9084312702452905	0.9796750122555242	1.0521180843600557	0.8693912146401778	0.2734796787889453	0.23241611936078102	0.24020074492670804	0.2539034569235657	55.67218915479853	-162.20974403809586
67000	-9105.524914356029	-8928.02055242665	-177.50436192937968	-8928.02055242665	9.173924394465338	133.2843674481046	0.011000128676447379	1.0519079793934767	0.9084312702452905	0.9796750122555242	1.0521180843600557	0.8693912146401778	0.25844997772518113	0.23241611936078102	0.2488689089121492	0.2602649940018887	30.28854962689393	-158.3455271832767
68000	-9110.385568848329	-8934.427156309348	-175.9584125389818	-8934.427156309348	9.017688368789809	128.50306393126291	0.011000128676447379	1.0519079793934767	0.9084312702452905	0.9796750122555242	1.0521180843600557	0.8693912146401778	0.25844997772518113	0.23241611936078102	0.2488689089121492	0.2602649940018887	31.459818715218855	-156.7616363986456
69000	-9100.308240862923	-8925.053729504596	-175.25451135832787	-8925.053729504596	8.789131589618545	126.25508440002082	0.011000128676447379	1.0519079793934767	0.9084312702452905	0.9796750122555242	1.0521180843600557	0.8693912146401778	0.25844997772518113	0.23241611936078102	0.2488689089121492	0.2602649940018887	31.586147458209435	-156.05372770031116
70000	-9102.297891047083	-8925.523807518874	-176.7740835282098	-8925.523807518874	9.3858494492209	131.55073369314456	0.011000128676447379	1.0519079793934767	0.9084312702452905	0.9796750122555242	1.0521180843600557	0.8693912146401778	0.25844997772518113	0.24148604879640467	0.23979897947652554	0.2602649940018887	26.856898021921406	-157.73549582556936
71000	-9101.577595780205	-8925.261873567324	-176.31572221288107	-8925.261873567324	8.976229889763223	128.65953083150671	0.011000128676447379	1.0519079793934767	0.9084312702452905	0.9796750122555242	1.0521180843600557	0.8693912146401778	0.25844997772518113	0.24148604879640467	0.23979897947652554	0.2602649940018887	38.26000917329087	-156.92325200399466
72000	-9100.564677793214	-8924.155831865053	-176.4088459281605	-8924.155831865053	9.104427534619434	128.59052136448398	0.011000128676447379	1.0519079793934767	0.9084312702452905	0.9796750122555242	1.0521180843600557	0.8693912146401778	0.25844997772518113	0.24148604879640467	0.23979897947652554	0.2602649940018887	37.843147865246955	-157.02733099349655
73000	-9095.731899608938	-8921.123150113237	-174.60874949570086	-8921.123150113237	8.756618728478019	125.5398618630451	0.011000128676447379	1.0519079793934767	0.9084312702452905	0.9796750122555242	1.0521180843600557	0.8693912146401778	0.25844997772518113	0.24148604879640467	0.23979897947652554	0.2602649940018887	29.80356253867849	-155.46605655594462
74000	-9105.20797806708	-8930.667340505013	-174.5406375620656	-8930.667340505013	9.102320011006348	127.18379625457905	0.011000128676447379	1.0519079793934767	0.9084312702452905	0.8752725100462578	1.0521180843600557	0.8693912146401778	0.25844997772518113	0.24148604879640467	0.23979897947652554	0.2602649940018887	35.245756254751704	-155.34771901276557
75000	-9096.967453119278	-8920.508385854953	-176.4590672643243	-8920.508385854953	9.391627462020466	131.63284747964036	0.011000128676447379	1.0519079793934767	1.0359456113777343	1.0135944340872598	1.0521180843600557	0.8693912146401778	0.25844997772518113	0.24148604879640467	0.23979897947652554	0.2602649940018887	33.21977939971586	-157.04097060200115
76000	-9100.591439556734	-8926.137057878228	-174.45438167850608	-8926.137057878228	9.116977070445094	126.37042621683494	0.011000128676447379	1.0519079793934767	1.0359456113777343	1.0135944340872598	1.0521180843600557	0.8693912146401778	0.25844997772518113	0.24148604879640467	0.23979897947652554	0.2602649940018887	33.144092082055614	-155.03856599674617
77000	-9099.221212697163	-8924.652208580153	-174.56900411700872	-8924.652208580153	9.124894558359713	127.46446397058338	0.011000128676447379	1.0519079793934767	1.0359456113777343	1.0135944340872598	1.0521180843600557	0.8693912146401778	0.25844997772518113	0.2566955847065043	0.22458944356642593	0.2602649940018887	32.30102410953703	-155.17895398235856
78000	-9096.899518936332	-8920.545395032366	-176.35412390396635	-8920.545395032366	9.06605899194496	130.633746445505	0.011000128676447379	1.0519079793934767	1.0359456113777343	1.0135944340872598	1.0521180843600557	0.8693912146401778	0.25844997772518113	0.2566955847065043	0.22458944356642593	0.2602649940018887	28.39858261388069	-157.09283346926
79000	-9101.031657228057	-8925.20764968359	-175.824007544467	-8925.20764968359	9.260405731471348	127.6816534728546	0.011000128676447379	1.0519079793934767	1.0359456113777343	1.0135944340872598	1.0521180843600557	0.9760960126544316	0.2583301235343929	0.2568154388972925	0.22458944356642593	0.2602649940018887	24.581470281694223	-156.58641359270305
80000	-9099.13349656108	-8925.490122551111	-173.6433740099694	-8925.490122551111	8.960709686912004	124.96974037595264	0.011000128676447379	1.0519079793934767	0.9640329390894867	1.0135944340872598	1.0521180843600557	0.9760960126544316	0.2583301235343929	0.2568154388972925	0.22458944356642593	0.2602649940018887	29.6618021328817	-154.2898557523646
81000	-9100.209474359499	-8924.243282353747	-175.9661920057511	-8924.243282353747	9.175079463415877	129.26788981388776	0.011000128676447379	1.0519079793934767	0.9640329390894867	1.0135944340872598	1.0521180843600557	0.9760960126544316	0.2583301235343929	0.2568154388972925	0.22458944356642593	0.2602649940018887	34.54750054908803	-156.46019863812714
82000	-9101.663601046557	-8927.26204413408	-174.40155691247645	-8927.26204413408	9.344953474010907	127.75175120330508	0.011000128676447379	1.0519079793934767	0.9640329390894867	1.0135944340872598	1.0521180843600557	0.9760960126544316	0.2716660865586875	0.2434794758729979	0.22458944356642593	0.2602649940018887	31.890281810491036	-154.9755974315039
83000	-9106.203621318205	-8928.912095021979	-177.2915262962271	-8928.912095021979	9.203710151613633	130.41762405154276	0.011000128676447379	1.0519079793934767	1.1202572064887848	1.0135944340872598	1.0521180843600557	0.9760960126544316	0.2716660865586875	0.2434794758729979	0.22458944356642593	0.2602649940018887	41.02830854884537	-157.46311592176033
84000	-9105.200315127991	-8930.470866962027	-174.7294481659653	-8930.470866962027	9.091624412886679	126.6832357463744	0.011000128676447379	1.0519079793934767	1.1202572064887848	1.0135944340872598	1.0521180843600557	0.9760960126544316	0.2716660865586875	0.2434794758729979	0.22458944356642593	0.2602649940018887	27.047456875250976	-155.3177070871907
85000	-9105.778933179492	-8931.195619510698	-174.58331366879418	-8931.195619510698	8.869661269127121	126.72942119884529	0.011000128676447379	1.0519079793934767	1.1202572064887848	1.0135944340872598	1.0521180843600557	0.9760960126544316	0.2716660865586875	0.2434794758729979	0.22458944356642593	0.2602649940018887	33.05304755430947	-154.97105180272555
86000	-9106.181747120298	-8930.105866968406	-176.07588015189089	-8930.105866968406	9.101089614025884	130.20265049709295	0.011000128676447379	1.0519079793934767	1.1202572064887848	1.0135944340872598	1.0521180843600557	0.9760960126544316	0.2716660865586875	0.2434794758729979	0.22458944356642593	0.2602649940018887	27.70983961406324	-156.63994448744504
87000	-9112.305272587915	-8936.986489600613	-175.31878298730217	-8936.986489600613	9.134728801407066	127.6857532765941	0.011000128676447379	1.0519079793934767	1.1202572064887848	1.0603077016109328	1.0521180843600557	0.9760960126544316	0.2716660865586875	0.2434794758729979	0.22458944356642593	0.2602649940018887	36.33842078574012	-155.5642844843884
88000	-9111.236935279727	-8932.808758725856	-178.42817655386997	-8932.808758725856	8.828788164118865	128.35194296511986	0.011000128676447379	1.0519079793934767	1.1202572064887848	1.0603077016109328	1.0521180843600557	0.9760960126544316	0.2716660865586875	0.2434794758729979	0.22458944356642593	0.2602649940018887	23.543766625543277	-159.10769255772774
89000	-9108.361715401794	-8930.947417428171	-177.41429797362315	-8930.947417428171	9.346986036735293	133.89135642093464	0.011000128676447379	1.0519079793934767	0.9607455032688937	1.0603077016109328	1.0521180843600557	0.9760960126544316	0.2716660865586875	0.2434794758729979	0.22458944356642593	0.2602649940018887	33.46140444759497	-157.89618182835042
90000	-9104.61195465666	-8926.14470008997	-178.46725456669134	-8926.14470008997	9.235454029928873	136.07246434876294	0.011000128676447379	1.0519079793934767	0.9607455032688937	1.0603077016109328	1.0521180843600557	0.9760960126544316	0.2540761801939031	0.2434794758729979	0.24217934993121037	0.2602649940018887	34.92648693551205	-158.9062856106825
91000	-9105.032947156076	-8928.83440732428	-176.1985398317953	-8928.83440732428	9.26681125901035	131.14392266285998	0.011000128676447379	1.0519079793934767	0.9607455032688937	1.0603077016109328	1.0521180843600557	0.9760960126544316	0.2540761801939031	0.2434794758729979	0.24217934993121037	0.2602649940018887	26.31074830546416	-156.92083881861473
92000	-9100.300193735211	-8927.487861625592	-172.812332109619	-8927.487861625592	9.390295052634233	125.96382715459521	0.011000128676447379	1.0519079793934767	0.9607455032688937	1.0603077016109328	1.0521180843600557	0.9760960126544316	0.2540761801939031	0.2434794758729979	0.24217934993121037	0.2602649940018887	26.150850773246	-153.54072690861958
93000	-9100.218468565154	-8924.749831419278	-175.46863714587644	-8924.749831419278	8.996589516708092	127.44601517133646	0.011000128676447379	1.0519079793934767	0.9607455032688937	1.0603077016109328	1.0521180843600557	0.9760960126544316	0.2540761801939031	0.2434794758729979	0.24217934993121037	0.2602649940018887	36.68703315055985	-155.85849029672843
94000	-9098.693544392405	-8921.467376347828	-177.22616804457775	-8921.467376347828	9.02953987482127	128.4779616250766	0.011000128676447379	1.0519079793934767	0.9607455032688937	1.0603077016109328	1.0521180843600557	0.9760960126544316	0.2540761801939031	0.2434794758729979	0.24217934993121037	0.2602649940018887	44.036950764440896	-157.43341549631697
95000	-9094.865047222085	-8921.752513185991	-173.11253403609354	-8921.752513185991	8.880194965777939	123.01931357469962	0.011000128676447379	1.0519079793934767	0.9607455032688937	1.0603077016109328	1.0521180843600557	0.9760960126544316	0.2540761801939031	0.2434794758729979	0.24217934993121037	0.2602649940018887	26.80940582667901	-153.81605776980004
96000	-9101.384495574717	-8926.106305075064	-175.27819049965325	-8926.106305075064	9.168723475093081	129.98912348093182	0.011000128676447379	1.0519079793934767	0.9607455032688937	1.0603077016109328	1.0521180843600557	0.9760960126544316	0.2540761801939031	0.2434794758729979	0.24217934993121037	0.2602649940018887	32.176613852042685	-155.79922711218933
97000	-9096.188803939562	-8921.1193434479	-175.06946049166254	-8921.1193434479	9.293116717263906	129.95485311260936	0.011000128676447379	1.0519079793934767	0.9607455032688937	1.0603077016109328	1.0521180843600557	0.9760960126544316	0.2540761801939031	0.2434794758729979	0.24217934993121037	0.2602649940018887	30.737924744127035	-155.63623978911332
98000	-9096.238297827542	-8921.192961900742	-175.0453359267995	-8921.192961900742	9.003735759406332	128.08633170361685	0.011000128676447379	1.0519079793934767	0.9607455032688937	1.0603077016109328	1.0521180843600557	0.9760960126544316	0.2540761801939031	0.2434794758729979	0.2512147246200212	0.25122961931307786	28.684888498354898	-155.68124199919157
99000	-9103.314756673597	-8926.321457793038	-176.9932988805595	-8926.321457793038	9.301681372269273	134.0172669815905	0.011000128676447379	1.0519079793934767	0.9607455032688937	1.0603077016109328	1.0521180843600557	0.9760960126544316	0.2540761801939031	0.2434794758729979	0.23930926133418792	0.26313508259891116	30.538715929430044	-157.56658015051772
100000	-9103.231080030333	-8926.13077817808	-177.10030185225352	-8926.13077817808	9.361380255735918	132.97214730589278	0.011000128676447379	1.0519079793934767	0.9607455032688937	1.0603077016109328	1.0521180843600557	0.9760960126544316	0.26312778620121313	0.2522567732740653	0.23930926133418792	0.24530617919053374	36.57731298097263	-157.49315019128113
101000	-9100.341949258333	-8923.782682912615	-176.5592663457168	-8923.782682912615	9.356291340824145	133.1073272383717	0.011000128676447379	1.0519079793934767	0.9607455032688937	1.0603077016109328	1.0521180843600557	0.9760960126544316	0.26312778620121313	0.2522567732740653	0.23930926133418792	0.24530617919053374	31.077675444631172	-157.11505313899025
102000	-9099.168931413698	-8922.991566725606	-176.17736468809267	-8922.991566725606	9.27125290615599	129.55676914014418	0.011000128676447379	1.0519079793934767	0.9607455032688937	1.0603077016109328	1.0521180843600557	0.9760960126544316	0.26312778620121313	0.2522567732740653	0.23930926133418792	0.24530617919053374	26.559158008895427	-156.89026658879126
103000	-9098.781133557119	-8921.980772800101	-176.80036075701807	-8921.980772800101	9.561112604766922	131.83453170325865	0.011000128676447379	1.0519079793934767	0.9607455032688937	1.0603077016109328	1.0521180843600557	0.9760960126544316	0.26312778620121313	0.2522567732740653	0.23930926133418792	0.24530617919053374	37.33393385112346	-157.1727346125545
104000	-9104.116017595847	-8928.803051223047	-175.31296637280013	-8928.803051223047	9.403145838238123	129.32524685384732	0.011000128676447379	1.0519079793934767	0.9607455032688937	1.0603077016109328	1.0521180843600557	0.9760960126544316	0.25386056688788355	0.27227191101250475	0.23930926133418792	0.23455826076542385	28.802495620349717	-155.94478085926008
105000	-9104.563570712744	-8927.414782176482	-177.14878853626143	-8927.414782176482	9.132020306354768	130.53514782010834	0.011000128676447379	1.0519079793934767	0.9607455032688937	1.0603077016109328	1.0521180843600557	0.9760960126544316	0.2660156830195341	0.27227191101250475	0.22715414520253735	0.23455826076542385	39.98398341465477	-157.4525861003005
106000	-9102.894272007694	-8927.274599707243	-175.6196723004497	-8927.274599707243	9.03508740124652	129.12435095313216	0.011000128676447379	1.0519079793934767	0.9607455032688937	1.0603077016109328	1.0521180843600557	0.9760960126544316	0.2660156830195341	0.27227191101250475	0.22715414520253735	0.23455826076542385	28.966323655392518	-156.24581492183458
107000	-9105.846044215246	-8929.239029353665	-176.60701486158183	-8929.239029353665	9.485525698932062	131.5268286634888	0.011000128676447379	1.0519079793934767	0.9607455032688937	1.0603077016109328	1.0521180843600557	0.9760960126544316	0.2660156830195341	0.27227191101250475	0.22715414520253735	0.23455826076542385	24.72415347282042	-157.3915107456931
108000	-9098.212540166496	-8923.510069767675	-174.70247039882173	-8923.510069767675	9.138277885030753	126.59725912218597	0.011000128676447379	1.0519079793934767	0.9607455032688937	1.0603077016109328	1.0521180843600557	0.9760960126544316	0.2660156830195341	0.26690554490883694	0.22715414520253735	0.2399246268690917	37.89901002092467	-155.05982193122645
109000	-9098.396570534678	-8922.424612011919	-175.97195852275956	-8922.424612011919	9.317724393504111	131.4800829266274	0.011000128676447379	1.0519079793934767	0.9607455032688937	1.0603077016109328	1.0521180843600557	0.9760960126544316	0.2660156830195341	0.2622508751117889	0.22715414520253735	0.24457929666613973	30.201208536488284	-156.55635310474693
110000	-9111.094246490924	-8933.869197452175	-177.22504903874872	-8933.869197452175	9.470023463541587	133.54923703810658	0.011000128676447379	1.0519079793934767	0.9607455032688937	1.0603077016109328	1.0521180843600557	0.9760960126544316	0.2660156830195341	0.2622508751117889	0.22715414520253735	0.24457929666613973	38.08273815252728	-157.57756444947668
111000	-9104.30854921542	-8927.571343080466	-176.73720613495342	-8927.571343080466	9.389077160814054	130.539585375224	0.011000128676447379	1.0519079793934767	0.9607455032688937	1.0603077016109328	1.0521180843600557	0.9760960126544316	0.2660156830195341	0.2622508751117889	0.22715414520253735	0.24457929666613973	25.447053320038144	-157.4928827050949
112000	-9096.667402734627	-8920.390446632962	-176.27695610166413	-8920.390446632962	9.13868183484011	130.3961825457789	0.011000128676447379	1.0519079793934767	0.9607455032688937	1.0603077016109328	1.0521180843600557	0.9760960126544316	0.2660156830195341	0.2622508751117889	0.22715414520253735	0.24457929666613973	35.5267982304007	-156.69894533356356
113000	-9104.12107911276	-8929.407580530664	-174.71349858209533	-8929.407580530664	9.201556239532062	127.56700708367657	0.011000128676447379	1.0519079793934767	0.9607455032688937	1.0603077016109328	1.0521180843600557	0.9760960126544316	0.2660156830195341	0.2622508751117889	0.22715414520253735	0.24457929666613973	32.60247508688839	-155.22138689702598
114000	-9104.397283565291	-8929.257925749018	-175.1393578162733	-8929.257925749018	9.294453854425681	129.14969163966015	0.011000128676447379	1.0519079793934767	0.9607455032688937	1.0603077016109328	1.0521180843600557	0.9760960126544316	0.2660156830195341	0.2622508751117889	0.22715414520253735	0.24457929666613973	34.774723959487574	-155.58274353972845
115000	-9098.898461708923	-8922.025099428232	-176.87336228069063	-8922.025099428232	9.34555842468178	133.16230981274512	0.011000128676447379	1.0519079793934767	0.9607455032688937	1.0603077016109328	1.0521180843600557	0.9760960126544316	0.2660156830195341	0.2622508751117889	0.22715414520253735	0.24457929666613973	33.72764644934108	-157.34732093356675
116000	-9106.183503365795	-8928.701791078882	-177.4817122869132	-8928.701791078882	9.056873723368138	131.92914537480922	0.011000128676447379	1.0519079793934767	0.9607455032688937	1.0603077016109328	1.0521180843600557	0.9760960126544316	0.2660156830195341	0.2622508751117889	0.22715414520253735	0.24457929666613973	26.543470803860757	-158.19520501355927
117000	-9097.957102461545	-8920.602945817609	-177.35415664393594	-8920.602945817609	9.095566904344746	132.03204144635146	0.011000128676447379	1.0519079793934767	0.9607455032688937	1.0603077016109328	1.0521180843600557	0.9760960126544316	0.2660156830195341	0.24797043513394243	0.22715414520253735	0.2588597366439862	31.905488348745337	-157.8836551237258
118000	-9094.921009505188	-8918.457582855084	-176.4634266501036	-8918.457582855084	9.018153398824609	128.9591850192247	0.011000128676447379	1.0519079793934767	0.9607455032688937	1.0603077016109328	1.0521180843600557	0.9760960126544316	0.2660156830195341	0.24797043513394243	0.22715414520253735	0.2588597366439862	27.222532361481875	-157.15165814742124
119000	-9105.800119403328	-8928.925202934077	-176.87491646925122	-8928.925202934077	9.44353046539209	132.2962623147209	0.011000128676447379	1.0519079793934767	0.9607455032688937	1.0603077016109328	1.0521180843600557	0.9760960126544316	0.2660156830195341	0.25582707997449877	0.22715414520253735	0.25100309180342983	31.075707927578115	-157.4307665741884
120000	-9099.446459941968	-8922.122302720754	-177.32415722121317	-8922.122302720754	9.31171870026888	132.69106008187404	0.011000128676447379	1.0519079793934767	0.9607455032688937	1.0603077016109328	1.0521180843600557	0.9760960126544316	0.25491149498777627	0.25582707997449877	0.23825833323429518	0.25100309180342983	39.049528944516794	-157.65160293121272
121000	-9098.172422840265	-8921.495007530435	-176.67741530983122	-8921.495007530435	9.876160901960025	134.4223227056447	0.011000128676447379	1.0519079793934767	0.9607455032688937	1.0603077016109328	1.0521180843600557	0.8143536141633355	0.26080210355728	0.25582707997449877	0.23825833323429518	0.2451124832339261	30.286765226438074	-157.44726320181073
122000	-9097.215897863343	-8921.616959626808	-175.59893823653493	-8921.616959626808	9.623711589046417	131.11156308338857	0.011000128676447379	1.0519079793934767	0.9607455032688937	1.0603077016109328	1.0521180843600557	0.8143536141633355	0.26080210355728	0.25582707997449877	0.23825833323429518	0.2451124832339261	30.095440671897123	-156.37512326681482
123000	-9094.004417994809	-8920.18530941853	-173.81910857627935	-8920.18530941853	9.141303684482601	125.0792958559029	0.011000128676447379	1.0519079793934767	0.9607455032688937	1.0603077016109328	1.0521180843600557	0.9143370696236715	0.26080210355728	0.25582707997449877	0.23825833323429518	0.2451124832339261	36.24643878263361	-154.28931344116992
124000	-9115.243978081402	-8940.52432467681	-174.71965340459317	-8940.52432467681	9.24618962520109	129.80178096023832	0.011000128676447379	1.0519079793934767	1.1472926991881125	1.0603077016109328	1.0521180843600557	1.0745603888705273	0.26080210355728	0.25582707997449877	0.23825833323429518	0.2451124832339261	32.30939998607527	-154.95751907209174
125000	-9104.559634956597	-8927.888649321763	-176.6709856348331	-8927.888649321763	9.580749136553736	134.75894985902084	0.011000128676447379	1.0519079793934767	0.7881434043189469	1.0603077016109328	1.0521180843600557	0.8847877576819417	0.26080210355728	0.25582707997449877	0.23825833323429518	0.2451124832339261	31.86275944734102	-157.50101569495536
126000	-9105.841012147903	-8929.442870116298	-176.3981420316056	-8929.442870116298	9.840597777287233	134.3824734308035	0.010154107985415411	1.1457930536657677	0.8973943049068958	1.0328756016910303	1.144593975581155	0.8231015596894581	0.2658860807255451	0.2681551499561513	0.2148047268167264	0.2511540425015772	33.9407432531597	-156.9587898767358
127000	-9117.655206074003	-8939.862382266017	-177.79282380798583	-8939.862382266017	10.291969321435722	140.15544842515976	0.010154107985415411	1.1457930536657677	0.8973943049068958	1.0328756016910303	0.9048809897498773	0.8231015596894581	0.2658860807255451	0.2681551499561513	0.2148047268167264	0.2511540425015772	39.275777054978214	-158.45470286525176
128000	-9110.462780890924	-8931.365626671179	-179.09715421974607	-8931.365626671179	10.17681386474354	142.83630270143874	0.010154107985415411	1.1457930536657677	0.8973943049068958	1.0328756016910303	0.9048809897498773	0.8231015596894581	0.2658860807255451	0.2681551499561513	0.2148047268167264	0.2511540425015772	31.74597417856715	-159.97187532616135
129000	-9115.819863911134	-8936.615840945404	-179.20402296572965	-8936.615840945404	9.833387528484735	138.58394121399806	0.010154107985415411	1.1457930536657677	0.8973943049068958	1.0328756016910303	0.9048809897498773	0.8231015596894581	0.2658860807255451	0.2681551499561513	0.2148047268167264	0.2511540425015772	25.597269217761387	-160.29402431730415
130000	-9113.926819671924	-8935.018148028003	-178.90867164392165	-8935.018148028003	10.247832445257707	139.3542690472843	0.010154107985415411	1.1457930536657677	0.8973943049068958	1.0328756016910303	0.9048809897498773	0.8231015596894581	0.2658860807255451	0.2681551499561513	0.2148047268167264	0.2511540425015772	45.536433662972776	-159.42264592472935
131000	-9106.91854761505	-8929.649146201182	-177.26940141386854	-8929.649146201182	9.745767451209417	136.3504940240372	0.010154107985415411	1.1457930536657677	0.8973943049068958	1.0328756016910303	0.9048809897498773	0.8231015596894581	0.2658860807255451	0.2681551499561513	0.2148047268167264	0.2511540425015772	36.0812003951498	-158.01611647504106
132000	-9106.318181390592	-8929.086186920475	-177.23199447011828	-8929.086186920475	10.32708813335707	139.59158698614155	0.010154107985415411	1.1457930536657677	0.8973943049068958	0.8625849051858663	0.9048809897498773	0.8231015596894581	0.2658860807255451	0.2681551499561513	0.2148047268167264	0.2511540425015772	35.21732768380566	-158.19113237080157
133000	-9107.96021356068	-8928.729258992207	-179.23095456847352	-8928.729258992207	10.82336302473906	145.53257971399498	0.0094639986514185	1.0458273199142616	0.8203001566284459	0.9379059507361621	0.9738366898435642	0.7663203265636448	0.2844030029296228	0.24692812984986626	0.22814875059371836	0.2405201166267926	31.716254796279916	-160.39056809742033
134000	-9106.554313577497	-8927.835299862827	-178.71901371466984	-8927.835299862827	10.142330096590134	140.97387779008542	0.0094639986514185	1.0458273199142616	0.8203001566284459	0.9379059507361621	0.9738366898435642	0.9459130448116713	0.26532634264755667	0.26600479013193234	0.22814875059371836	0.2405201166267926	34.48670729821963	-159.576900473101
135000	-9104.788858946169	-8926.279349899638	-178.50950904653186	-8926.279349899638	10.299262286007432	141.8250629770845	0.0094639986514185	1.0458273199142616	0.8203001566284459	0.9379059507361621	0.9097612941028305	0.9459130448116713	0.27841621089953084	0.2529149218799582	0.22814875059371836	0.2405201166267926	33.388564297535225	-159.47082214420834
136000	-9108.296104390736	-8928.77192065172	-179.52418373901602	-8928.77192065172	10.416888121319046	144.96505518084146	0.0094639986514185	0.8067464669929325	0.8203001566284459	0.9379059507361621	0.9097612941028305	0.9459130448116713	0.27841621089953084	0.2529149218799582	0.22814875059371836	0.2405201166267926	37.297015117616624	-160.64528146584271
137000	-9112.143804405467	-8932.753160651033	-179.3906437544344	-8932.753160651033	10.169653730899654	143.2203416861027	0.0094639986514185	0.8067464669929325	0.8203001566284459	0.9379059507361621	0.9097612941028305	0.9459130448116713	0.27841621089953084	0.2529149218799582	0.22814875059371836	0.2405201166267926	40.49070814572237	-160.42958226176333
138000	-9104.667985721271	-8922.84944090129	-181.81854481998207	-8922.84944090129	10.577537974552868	149.84754367749454	0.0094639986514185	0.8067464669929325	0.8203001566284459	0.9379059507361621	0.9097612941028305	0.9459130448116713	0.27650078224592767	0.2529149218799582	0.22814875059371836	0.2424355452803958	33.83147146912031	-163.0371643687699
139000	-9106.58835135168	-8925.259875661613	-181.32847569006603	-8925.259875661613	10.493332341514066	148.7092801271679	0.0094639986514185	0.8067464669929325	0.8203001566284459	0.9379059507361621	0.9097612941028305	0.9459130448116713	0.27650078224592767	0.2529149218799582	0.22814875059371836	0.2424355452803958	39.63959907858939	-162.3886581213352
140000	-9104.622490040192	-8923.84130993568	-180.78118010451172	-8923.84130993568	10.456445082775431	144.572923874556	0.0094639986514185	0.8067464669929325	0.8203001566284459	0.9379059507361621	0.9097612941028305	0.9459130448116713	0.27650078224592767	0.24512465375034367	0.22814875059371836	0.25022581341001027	28.495727880696716	-162.17143695401398
141000	-9115.222247562886	-8934.924863490829	-180.2973840720561	-8934.924863490829	9.795077345696702	143.61917463710336	0.0094639986514185	0.8067464669929325	0.8203001566284459	0.9379059507361621	0.9097612941028305	0.7774372967558426	0.27650078224592767	0.24512465375034367	0.22814875059371836	0.25022581341001027	33.93303121416113	-161.7161940312439
142000	-9102.024207716142	-8922.58398345701	-179.44022425913158	-8922.58398345701	9.78948957951911	140.06371234811914	0.0094639986514185	0.9758918692092303	0.8203001566284459	0.9379059507361621	0.9097612941028305	0.7774372967558426	0.27650078224592767	0.24512465375034367	0.22814875059371836	0.25022581341001027	32.40251012106124	-160.70744747555034
143000	-9111.904109322822	-8930.887991505528	-181.01611781729525	-8930.887991505528	9.962037837746012	143.69034070562626	0.010260958525245346	0.9525450887711298	0.7730040959650185	1.0209597753357216	0.9251307454250273	0.9454936741662687	0.2722982302780483	0.25228826768521273	0.24167814089183443	0.23373536114490454	46.00199488854216	-161.70792350102712
144000	-9106.317033867701	-8926.896954182479	-179.4200796852222	-8926.896954182479	10.025892799120184	141.14655471398675	0.009767076284700098	0.902738381579492	0.835206341682178	1.0819390966932354	0.9369583267197197	0.991284440276284	0.2751389290015366	0.25678957579926437	0.23975519068255324	0.22831630451664575	41.801290088692696	-160.06303909054108
145000	-9099.491445602458	-8919.258752415924	-180.23269318653354	-8919.258752415924	9.705128758820525	140.03375272466724	0.009767076284700098	1.0665569550998122	0.835206341682178	1.0819390966932354	0.9369583267197197	0.991284440276284	0.26816317651661287	0.25678957579926437	0.2310213406157236	0.2440259070683991	30.196471991951963	-161.02605259814004
146000	-9105.266701827128	-8925.181524831376	-180.0851769957516	-8925.181524831376	9.74449877233468	141.9255194594747	0.009767076284700098	1.0665569550998122	0.835206341682178	0.9592919198927431	0.9369583267197197	0.991284440276284	0.26816317651661287	0.24237241907948612	0.2310213406157236	0.25844306378817733	33.34492251472908	-160.9059197129772
147000	-9108.024594068042	-8929.028748446093	-178.9958456219478	-8929.028748446093	10.251086482348704	140.46036634095734	0.009767076284700098	1.0665569550998122	0.835206341682178	0.9592919198927431	0.9369583267197197	0.991284440276284	0.26816317651661287	0.24237241907948612	0.2310213406157236	0.25844306378817733	44.726752524386924	-159.52292203843618
148000	-9103.289966591343	-8923.642972097534	-179.6469944938088	-8923.642972097534	10.610399616506651	146.5934144763208	0.009767076284700098	1.0665569550998122	0.835206341682178	0.9592919198927431	0.9369583267197197	0.8401928907508903	0.26816317651661287	0.24237241907948612	0.2465370441815466	0.24292736022235434	39.30375664981856	-160.4755332933093
149000	-9110.636753057397	-8931.401173851087	-179.23557920630975	-8931.401173851087	9.942595646764513	139.8782198556392	0.009767076284700098	1.0665569550998122	0.9645041215306264	0.9592919198927431	0.9369583267197197	0.8401928907508903	0.26816317651661287	0.24237241907948612	0.2465370441815466	0.24292736022235434	37.75187393875838	-159.96119957426953
150000	-9107.323609078114	-8929.205659683115	-178.1179493949992	-8929.205659683115	10.03068407040123	137.66446185080193	0.009767076284700098	1.0665569550998122	0.9645041215306264	0.9592919198927431	0.9369583267197197	0.8401928907508903	0.25956404965611407	0.24237241907948612	0.2465370441815466	0.25152648708285313	36.073060274882785	-158.88905854420346
151000	-9099.840150742357	-8921.9578663504	-177.88228439195655	-8921.9578663504	9.822470136875967	138.63614874120924	0.009767076284700098	1.0665569550998122	0.9645041215306264	0.9592919198927431	0.9369583267197197	0.8401928907508903	0.25956404965611407	0.25361494735861956	0.2465370441815466	0.24028395880371972	38.18804012839624	-158.5964174941942
152000	-9106.57190006469	-8927.380038785745	-179.1918612789451	-8927.380038785745	9.877510078487859	140.62685690623294	0.009767076284700098	1.0665569550998122	0.9645041215306264	0.9592919198927431	0.9369583267197197	0.8401928907508903	0.25956404965611407	0.25361494735861956	0.2465370441815466	0.24028395880371972	33.6571902303638	-160.032290051885
153000	-9109.580297821589	-8930.998356149712	-178.58194167187764	-8930.998356149712	9.854249480561904	138.06543056913418	0.01028693248437854	1.0023581155915937	0.8064243792309334	1.0073660835739762	1.0234968849581039	0.8979280381517987	0.2516169305206674	0.24236590668729305	0.24063761756981059	0.265379545222229	43.20026195281616	-159.2033557855066
154000	-9096.156634695162	-8919.015414434487	-177.14122026067471	-8919.015414434487	9.623894923607637	135.28611589183927	0.01028693248437854	1.0023581155915937	0.8064243792309334	1.0073660835739762	1.0234968849581039	0.8979280381517987	0.2516169305206674	0.24236590668729305	0.24063761756981059	0.265379545222229	32.410397647467	-158.05000164689662
155000	-9103.879546390526	-8923.72008971261	-180.15945667791632	-8923.72008971261	9.975044980769452	142.59726968911258	0.01028693248437854	1.0023581155915937	0.8064243792309334	1.0073660835739762	1.0234968849581039	0.8979280381517987	0.2700862845612247	0.24236590668729305	0.24063761756981059	0.24691019118167173	42.63728700725153	-160.79398819819966
156000	-9096.411279971508	-8918.891826707977	-177.51945326353143	-8918.891826707977	9.243199701580988	135.23966877743274	0.01028693248437854	1.0023581155915937	0.8064243792309334	1.0073660835739762	1.0234968849581039	0.8979280381517987	0.2700862845612247	0.24236590668729305	0.24063761756981059	0.24691019118167173	37.55813468788603	-158.28082394520467
157000	-9099.306948875448	-8922.0135067539	-177.29344212154933	-8922.0135067539	9.578660794832986	135.44711769445325	0.01028693248437854	1.0023581155915937	0.8064243792309334	1.0073660835739762	1.0234968849581039	0.8979280381517987	0.2700862845612247	0.24236590668729305	0.24063761756981059	0.24691019118167173	31.018759669175175	-158.24611062205867
158000	-9100.362324314054	-8923.862829858243	-176.4994944558118	-8923.862829858243	9.45803345703622	134.76825046819434	0.01028693248437854	1.0023581155915937	0.8064243792309334	1.0073660835739762	1.0234968849581039	0.8979280381517987	0.2700862845612247	0.24236590668729305	0.24063761756981059	0.24691019118167173	34.51694634513774	-157.34530472654637
159000	-9102.45820396039	-8927.959406712629	-174.4987972477606	-8927.959406712629	9.337417845364964	129.22189575619333	0.010930431062076487	1.0278210452800738	0.9318980395928358	1.0373066010288898	1.0370688617049193	0.9290934998580613	0.2722244853946029	0.23880273616784417	0.23653454434140184	0.252438234096151	30.490410620002272	-155.21839175733226
160000	-9098.437154907631	-8922.652128725815	-175.78502618181662	-8922.652128725815	9.523405367598462	132.4437202522821	0.010223260756496835	1.0191046924383582	0.8733208101535708	0.8774255306700773	1.0295156702501362	0.8936105936067376	0.26048316177975617	0.2404683509941057	0.2522343904745149	0.2468140967516232	27.731058583899888	-156.89629515690925
161000	-9106.526339717406	-8929.04082735393	-177.485512363475	-8929.04082735393	9.928271220971375	135.82298883617943	0.010223260756496835	1.0191046924383582	0.8733208101535708	0.8774255306700773	1.0295156702501362	0.8936105936067376	0.26048316177975617	0.2404683509941057	0.2522343904745149	0.2468140967516232	31.13784526457503	-158.48091040323612
162000	-9100.458396046522	-8919.135385710182	-181.32301033633962	-8919.135385710182	9.715055875517255	141.77665191221053	0.010223260756496835	1.0191046924383582	0.8733208101535708	0.891898611181769	1.0295156702501362	0.8936105936067376	0.26048316177975617	0.2404683509941057	0.2522343904745149	0.2468140967516232	48.80841435550754	-161.85193995728386
163000	-9098.61947735982	-8920.485294844726	-178.13418251509432	-8920.485294844726	9.288101713028869	135.07310762304562	0.010223260756496835	1.0191046924383582	0.8733208101535708	0.891898611181769	1.0295156702501362	0.8936105936067376	0.26048316177975617	0.2404683509941057	0.2522343904745149	0.2468140967516232	39.08544765146815	-158.8852646444647
164000	-9103.733213333051	-8924.509594634621	-179.22361869843047	-8924.509594634621	9.808194722771134	140.84890344301346	0.009689231899851398	0.9963784833600582	0.8400194567497069	0.9182254383291053	1.0017828941218503	0.7952745377748864	0.2509597995928979	0.25568343556545137	0.2514295304970122	0.24192723434463853	39.23014005881911	-160.15233600462386
165000	-9103.641542515936	-8924.812088128307	-178.82945438762957	-8924.812088128307	9.693096883418727	136.67281558677203	0.010281982019000433	0.9785651045212744	0.8418197171905062	0.9467847136821173	1.0192774074754591	0.7832199853748802	0.26816699911339226	0.24998465128151814	0.25150269565325634	0.23034565395183312	42.89023267664537	-159.65133411304183
166000	-9102.137442592797	-8925.425471656414	-176.71197093638312	-8925.425471656414	9.675563088118835	135.51887194567084	0.01023041940319715	0.9937113377205857	0.8330738735416632	0.9425152568939997	0.7523802045586935	0.7823069075508459	0.2595813918620481	0.22818676902837573	0.252922521347193	0.25930931776238325	33.67691109145402	-158.09097173874392
167000	-9106.149145972857	-8924.38638065364	-181.76276531921826	-8924.38638065364	9.761491560056374	137.4616090199865	0.010657544729723774	1.023225182081754	0.8752558548514728	0.9416655159876641	0.945550934128993	0.7990830717882241	0.26534537350399473	0.2276336579243458	0.24940933058007334	0.2576116379915861	55.13460657061155	-162.3117021918341
168000	-9101.689460675309	-8924.18903206219	-177.50042861311977	-8924.18903206219	9.587446506349945	134.6799441509123	0.010657544729723774	1.023225182081754	0.8752558548514728	0.9416655159876641	0.945550934128993	0.7990830717882241	0.26534537350399473	0.2276336579243458	0.24940933058007334	0.2576116379915861	32.38362396944238	-158.58149021119212
169000	-9105.160463013584	-8930.44104477999	-174.71941823359532	-8930.44104477999	9.387141451852344	127.78611241053028	0.010796681855759077	1.044755156066394	0.8244341088017275	0.9287034228014523	0.9144381932623946	0.7882617524189598	0.2786519088065976	0.23130893291216367	0.24367696567782893	0.24636219260340986	26.959133825024097	-156.08464009428394
170000	-9101.130674212198	-8918.887625837284	-182.24304837491368	-8918.887625837284	9.87082219482269	140.44802534385383	0.010015845315362995	1.0585837442974892	0.7850373187395642	0.8990786359593655	0.9178320196700022	0.8007943810699003	0.26343003438540213	0.2347702403593062	0.24491671971037962	0.256883005544912	53.80206913204816	-162.96555645930528
171000	-9098.931248557	-8920.544060118298	-178.3871884387029	-8920.544060118298	9.263009463076854	136.20342286197726	0.009858814522076738	1.0790727560089186	0.7972528163659574	0.8831356676685435	0.9094573654038663	0.8277550098695725	0.2562630759636959	0.23345565371415858	0.2472499780387141	0.26303129228343136	35.01860915517869	-159.49757230378293
172000	-9100.638685211075	-8922.273701023094	-178.36498418798178	-8922.273701023094	9.452847418318207	136.30822639362944	0.009858814522076738	0.8664075405772228	0.9147972199837879	0.9552216669361983	0.9094573654038663	0.8277550098695725	0.26777426743062616	0.23345565371415858	0.23573878657178382	0.26303129228343136	26.335006750436413	-159.7718607304631
173000	-9095.961368116738	-8917.045025568741	-178.91634254799595	-8917.045025568741	9.713773786539498	139.20789814012605	0.010406232720723113	1.1409904066300178	0.9535335360445996	0.9736263012056328	0.8993274660287849	0.8154409333203062	0.26125076033839456	0.24565286263334765	0.2334403171370435	0.25965605989121426	35.883265865714584	-159.69067545147084
174000	-9104.626740035057	-8924.945255511435	-179.6814845236214	-8924.945255511435	10.255741726629019	139.86140807782385	0.010406232720723113	1.1409904066300178	0.9535335360445996	0.9736263012056328	1.059246523009696	0.8154409333203062	0.26125076033839456	0.24565286263334765	0.2334403171370435	0.25965605989121426	41.76815192346763	-160.1324798540943
175000	-9105.672780754025	-8929.43352504484	-176.23925570918362	-8929.43352504484	9.940818883321306	136.45962607014644	0.010411248518123091	1.0970824557410759	0.9465967512000788	0.9331303835252887	1.0306549792746336	0.8233074289770526	0.26402561522124485	0.2454605222041422	0.23588534601453917	0.25462851656007374	31.49531409505464	-157.08485566459413
176000	-9106.430795772965	-8931.510309677367	-174.9204860955972	-8931.510309677367	9.506189559452125	131.85607429706516	0.010316969803493115	1.0783122474871722	0.818031810185551	0.9141836075172483	1.0367794224234785	0.805048651214457	0.26339562693561885	0.2499988905404717	0.2308068336869984	0.2557986488369112	32.45038487315766	-155.9378586444628
177000	-9107.14468646084	-8929.115227345756	-178.0294591150853	-8929.115227345756	9.44450869280077	135.60753403744206	0.010316969803493115	1.0783122474871722	1.0465612512510982	0.9141836075172483	1.0367794224234785	1.021976991379108	0.26339562693561885	0.2499988905404717	0.2308068336869984	0.2557986488369112	31.11438866548801	-158.59504666929547
178000	-9097.988605630268	-8921.273530187194	-176.71507544307238	-8921.273530187194	9.56142500384411	133.95897399300435	0.010316969803493115	1.0783122474871722	1.0465612512510982	0.9141836075172483	1.0367794224234785	1.021976991379108	0.26339562693561885	0.2499988905404717	0.2308068336869984	0.2557986488369112	35.523513114200604	-157.14813854905347
179000	-9103.754158585096	-8927.007021559315	-176.74713702578023	-8927.007021559315	9.65450304727911	135.8530445304372	0.010593263054363115	1.0744317745907368	0.9079544744987996	0.9068869792399542	1.0340280483309716	1.0164595802420024	0.2766368305278963	0.24653263948218584	0.22244953575020043	0.25438099423971744	30.28409464444549	-157.50231948255828
180000	-9105.275030142622	-8927.025915976008	-178.24911416661413	-8927.025915976008	9.568873670801855	134.66409813942957	0.010593263054363115	1.0744317745907368	0.9079544744987996	0.9068869792399542	1.0340280483309716	1.0164595802420024	0.2766368305278963	0.24653263948218584	0.22244953575020043	0.25438099423971744	24.460140043308666	-159.21787441321405
181000	-9098.653137064062	-8921.54276768864	-177.11036937542315	-8921.54276768864	9.57188704366604	135.41606589318795	0.010593263054363115	1.0744317745907368	0.9079544744987996	0.9068869792399542	1.0340280483309716	1.0164595802420024	0.2766368305278963	0.24653263948218584	0.22244953575020043	0.25438099423971744	30.219615577585888	-157.86768324169765
182000	-9110.18103659838	-8931.035192990186	-179.14584360819362	-8931.035192990186	10.45319519431853	140.44957944564297	0.010747950814484075	1.1017050742690053	0.9063943787562898	0.9179419719475269	1.0413331949255484	1.0420597902700728	0.27593916203151025	0.24915999336390016	0.21900915031881296	0.2558916942857766	38.92308820008563	-159.57900725554296
183000	-9119.962257916484	-8938.973950663752	-180.98830725273106	-8938.973950663752	9.745741841865456	142.28730323386674	0.010222894396836435	1.1165374142523234	0.8649272720740544	0.840475886576533	1.1404793383169678	1.0187776512395306	0.26229109589572447	0.2541019727478511	0.2242179259271018	0.2593890054293225	32.580487703055105	-161.65070242461184
184000	-9109.952520515602	-8928.753024466361	-181.19949604924201	-8928.753024466361	10.535317681399004	145.47465902082806	0.009625925112531256	1.032288618634749	0.8232827162585371	0.8728370382478737	0.97557307031037	0.9988916924448515	0.24610302264567074	0.25311747845905935	0.232536118117079	0.26824338077819093	34.23814253371752	-162.0906296577483
185000	-9102.113069942221	-8920.919017240065	-181.19405270215623	-8920.919017240065	10.075337406618013	145.34573876214074	0.009625925112531256	1.032288618634749	0.8232827162585371	0.8728370382478737	0.97557307031037	0.7927407294725913	0.24610302264567074	0.25311747845905935	0.232536118117079	0.26824338077819093	33.83842653945934	-162.33713730244244
186000	-9114.57900255303	-8934.26056233722	-180.3184402158091	-8934.26056233722	10.135923383644101	144.08031674819912	0.009625925112531256	1.032288618634749	1.008945052241943	0.8728370382478737	0.97557307031037	0.7927407294725913	0.24610302264567074	0.25311747845905935	0.232536118117079	0.26824338077819093	37.2874826792187	-161.16198819519516
187000	-9105.05051041768	-8923.622344971813	-181.42816544586682	-8923.622344971813	10.520802375612568	147.45375774465072	0.009625925112531256	1.032288618634749	1.008945052241943	0.8728370382478737	0.97557307031037	0.7927407294725913	0.24610302264567074	0.25311747845905935	0.232536118117079	0.26824338077819093	44.2049904073134	-162.1015334227207
188000	-9105.346334236965	-8925.056666223518	-180.28966801344805	-8925.056666223518	10.018082656733888	143.9652120677859	0.009815497442354272	1.0673343893559508	0.8026186455662809	0.8742131952067034	0.9736820875946487	0.8207731355623905	0.2565899835245832	0.2442492253615767	0.23161606161728282	0.26754472949655733	33.40735615914671	-161.4001162202336
189000	-9108.045028656385	-8929.17282771153	-178.87220094485383	-8929.17282771153	9.828300434463928	141.48743441116432	0.009815497442354272	1.0673343893559508	0.8026186455662809	0.8742131952067034	0.9736820875946487	0.8207731355623905	0.2647980929396654	0.23604111594649446	0.23161606161728282	0.26754472949655733	33.43307114449377	-159.98187970752738
190000	-9111.430223150302	-8931.236271351509	-180.1939517987934	-8931.236271351509	10.086066584331173	142.87576183556132	0.009815497442354272	1.0673343893559508	0.8026186455662809	0.8742131952067034	0.9736820875946487	0.8207731355623905	0.2647980929396654	0.23604111594649446	0.23161606161728282	0.26754472949655733	27.236877084024616	-161.50860429538056
191000	-9109.51727676883	-8929.013768010747	-180.50350875808243	-8929.013768010747	10.644348533138718	144.84813576816958	0.009815497442354272	0.8442638857177819	0.8026186455662809	0.8742131952067034	0.9736820875946487	0.8207731355623905	0.2647980929396654	0.23604111594649446	0.23161606161728282	0.26754472949655733	48.3156760363036	-161.49001583500333
192000	-9105.671457159542	-8926.942319899816	-178.7291372597268	-8926.942319899816	9.64029120537486	136.06160210348676	0.009815497442354272	0.9378016437376254	0.8026186455662809	0.8742131952067034	0.9736820875946487	0.8207731355623905	0.2647980929396654	0.23604111594649446	0.23161606161728282	0.26754472949655733	45.588925653972545	-159.6645621106663
193000	-9103.472683202634	-8923.157699704312	-180.31498349832188	-8923.157699704312	9.721586069169263	141.18138510346995	0.009974078845005917	0.9312394826656112	0.7995656863131129	0.9000375937880207	0.9966649432346824	0.8402624722151057	0.25970367008463535	0.24625894759380207	0.2308946317197243	0.2631427506018383	44.86602867788902	-161.1985486706672
194000	-9102.145683882958	-8924.101045791354	-178.0446380916041	-8924.101045791354	9.625427603478897	137.45013834779402	0.010537788625702798	0.9015201005268033	0.8021223350720861	0.9417466050297656	1.0268744185367027	0.8660566243694799	0.2652610574957899	0.23587283343859572	0.23128482495524919	0.2675812841103652	35.150415414930755	-159.0929740180101
195000	-9104.997710594022	-8924.198419188837	-180.79929140518544	-8924.198419188837	9.601110646390742	144.47248882904685	0.009770417352927647	0.9142011043244685	0.7669115916635371	0.9332128315634867	1.0177800166853652	0.8431360670984732	0.25392476021486193	0.2453462414218826	0.23073932650570803	0.26998967185754735	36.976060878856075	-161.87349537574352
196000	-9115.271723362026	-8936.155165909537	-179.11655745248933	-8936.155165909537	9.86686299331519	142.49802639492592	0.009770417352927647	0.9142011043244685	0.7669115916635371	0.9332128315634867	1.0177800166853652	0.8431360670984732	0.25392476021486193	0.2453462414218826	0.23073932650570803	0.26998967185754735	34.120209458504	-160.27114226153827
197000	-9113.499730597123	-8936.770892519397	-176.7288380777269	-8936.770892519397	9.722386563132808	135.08898214039758	0.010222594026910956	0.930438858400644	0.7197414631316936	0.9088189003011934	1.037126436183324	0.8433835294035518	0.2643253878297663	0.2374908448073881	0.22928346783613998	0.26890029952670563	38.36849576669234	-157.8178665135529
198000	-9114.915997675997	-8935.668047071822	-179.24795060417514	-8935.668047071822	10.220173014818178	143.21001385428332	0.01016959826914891	0.9562992882172224	0.9513774054057778	0.9180628684450831	1.039692402401576	0.8542002781178675	0.2556948887938471	0.24709531549640443	0.22364359615442528	0.2735661995553233	34.78277344358577	-160.10348311471915
199000	-9110.801102249732	-8934.117680007632	-176.68342224210048	-8934.117680007632	9.564278495758073	135.59620924293355	0.01016959826914891	0.9562992882172224	0.9513774054057778	0.8362897057206325	1.039692402401576	0.8542002781178675	0.2676558806796191	0.24709531549640443	0.22364359615442528	0.2616052076695513	37.72732285453121	-157.55449598339354
200000	-9098.808890885315	-8919.78411858146	-179.02477230385483	-8919.78411858146	9.85296052126251	139.14826247877357	0.01011092587811176	1.059254185811046	0.9497579137026246	0.8425889332445652	1.0527274596270322	0.85691577295884	0.266842456883537	0.24700425538268814	0.22780378170890564	0.2583495060248692	27.681907347984268	-160.07553300426054
